[32m[Proc-0] 14:27:30 - INFO     - Iniciando Scraper com Dynamic Work Queue em: C:\Users\Administrator\Desktop\New folder\clean_bot\new_bot[0m
[32m[Proc-0] 14:27:30 - INFO     - Iniciando Scraper com Dynamic Work Queue em: C:\Users\Administrator\Desktop\New folder\clean_bot\new_bot[0m
[33m[Proc-0] 14:27:31 - WARNING  - [StartupCleanup] Killed 1 orphaned bot Python process tree(s): [12312][0m
[33m[Proc-0] 14:27:32 - WARNING  - [StartupCleanup] Killed 1 orphaned Playwright Chrome root process(es): [16096, 15492, 6556, 15068, 5732, 14320, 11408, 10080, 14176, 16072][0m
[32m[Proc-0] 14:27:32 - INFO     - [SOAX API] Geo OK: country=pt, conn_type=wifi, regions=20.[0m
[32m[Proc-0] 14:27:32 - INFO     - [SOAX] Loaded 1 exact proxy session (host=proxy.soax.com:5000, package=335959, sticky=True, length=300s).[0m
[32m[Proc-0] 14:27:32 - INFO     - [MNE Precheck] Testing 1/1 proxy exits against /VistosOnline before claiming users.[0m
[32m[Proc-0] 14:27:33 - INFO     - [MNE Precheck] \u2705 proxy.soax.com:5000:packag...-300 exit_ip=161.230.183.165 status=200[0m
[32m[Proc-0] 14:27:33 - INFO     - [MNE Precheck] 1 proxy(s) reached MNE; using only those for this run.[0m
[32m[Proc-0] 14:27:33 - INFO     - LOADED 1 VALID PROXIES.[0m
[32m[Proc-0] 14:27:33 - INFO     - \U0001f4cb 9 utilizadores carregados do CSV.[0m
[32m[Proc-0] 14:27:33 - INFO     - \U0001f4ca CSV status summary: queue_elegiveis=2 | false=2 | pending=0 | empty=0 | failed_retry_later=1 | processing=0 | banned_403=0 | recaptcha_quota=0 | blocked_site=0 | success=0 | true=6 | credential_recovery_required=0[0m
[32m[Proc-0] 14:27:33 - INFO     - Redis desativado; usando queue in-memory[0m
[32m[Proc-0] 14:27:33 - INFO     - \U0001f4e5 2 users adicionados a Work Queue. [WQ] 2 users pendentes na queue[0m
[32m[Proc-0] 14:27:33 - INFO     - \u2699\ufe0f Workers: 1 (cpu=12, users_pendentes=2, max_cfg=1)[0m
[32m[Proc-0] 14:27:33 - INFO     - \U0001f50c Proxy chunks: [1] (1 alocados para chunking, 1 na config)[0m
[32m[Proc-0] 14:27:33 - INFO     - [OK] 1 workers iniciados em modo Dynamic Work Queue.[0m
[32m[Proc-0] 14:27:35 - INFO     - [Process-0] Sem Redis: 2 utilizadores pendentes carregados do CSV para fila local.[0m
[32m[Proc-0] 14:27:35 - INFO     - [Process-0] \U0001f3c3 Worker loop iniciado (concurrency=1)[0m
[32m[Proc-0] 14:27:35 - INFO     - [Process-0] \u25b6\ufe0f Task iniciada: tomasjins (1/1 slots ocupados)[0m
[32m[Proc-0] 14:27:35 - INFO     - [CSV Update] Updated tomasjins -> 'processing'[0m
[32m[Proc-0] 14:27:35 - INFO     - [Process-0] \U0001f504 Claimed: tomasjins[0m
[32m[Proc-0] 14:27:37 - INFO     - [Login] Attempt 1/5 (Using Key Index 0, Process ID 0, mne_503_retries=0/4)[0m
[32m[Proc-0] 14:27:37 - INFO     - [Session] \U0001f512 Proxy exclusivo adquirido: tomasjins -> proxy.soax.com:5000:packag...-300[0m
[32m[Proc-0] 14:27:37 - INFO     - [Session] \u2705 Proxy OK: proxy.soax.com:5000:packag...-300 | exit_ip=161.230.183.165 | validator=https://api.ipify.org?format=json | lat=389ms | user=tomasjins[0m
[32m[Proc-0] 14:27:38 - INFO     - \U0001f4b0 Saldo anti-captcha: $5.7599[0m
[32m[Proc-0] 14:27:38 - INFO     - \U0001f4b0 Saldo 2captcha: $18.0736[0m
[32m[Proc-0] 14:27:38 - INFO     - \U0001f4b0 Saldo capmonster: $18.7482[0m
[32m[Proc-0] 14:27:39 - INFO     - \U0001f4b0 Saldo capsolver: $15.1268[0m
[32m[Proc-0] 14:27:39 - INFO     - [Login] Attempting login via playwright (retries remaining: 1, proxy: proxy.soax.com)...[0m
[32m[Proc-0] 14:27:40 - INFO     - [Playwright] Initializing browser (Ghost Mode Activated)...[0m
[32m[Proc-0] 14:27:41 - INFO     - [TLSClient] Preflight: status=200 cookies=['cookiesession1'][0m
[32m[Proc-0] 14:27:41 - INFO     - [Playwright] Launching REAL Chrome/Edge browser...[0m
[32m[Proc-0] 14:27:41 - INFO     - [Playwright] \u2705 Navegador iniciado: chrome[0m
[32m[Proc-0] 14:27:41 - INFO     - [TLSClient] Cookie injection disabled; Playwright will establish its own session cookies on the browser proxy connection.[0m
[32m[Proc-0] 14:27:41 - INFO     - [TLSClient] \u2705 stealth_context criado[0m
[32m[Proc-0] 14:27:41 - INFO     - [Playwright] User-Agent Real em uso: Mozilla/5.0 (Windows NT 10.0; Win64; x64) AppleWebKit/537.36 (KHTML, like Gecko) Chrome/146.0.0.0 Safari/537.36[0m
[32m[Proc-0] 14:27:41 - INFO     - [BrowserPool] Contexto guardado no pool para proxy.soax.com[0m
[32m[Proc-0] 14:27:41 - INFO     - [Playwright] \U0001f47b GhostMode Ativado: ANGLE (NVIDIA, NVIDIA GeForce GTX 1060 Direct3D11 vs_5_0 ps_5_0, D3D11) | CPU=4c RAM=4GB platform=Win32 [laptop-entry][0m
[32m[Proc-0] 14:27:41 - INFO     - [Playwright] Visiting main page to establish session cookies...[0m
[32m[Proc-0] 14:27:48 - INFO     - [Playwright] Main page loaded (status: 200)[0m
[32m[Proc-0] 14:27:48 - INFO     - [Playwright] Aguardando cookies de sessăo completos (_USER_CONSENT PoW)...[0m
[32m[Proc-0] 14:27:48 - INFO     - [Playwright] \u2705 Sessăo pronta (sem PoW cookie visível): 1 cookies (['cookiesession1'])[0m
[32m[Proc-0] 14:27:48 - INFO     - [Playwright] Navigating to login page: https://pedidodevistos.mne.gov.pt/VistosOnline/Authentication.jsp?language=PT[0m
[32m[Proc-0] 14:27:48 - INFO     - [Playwright] Navegando para login (Tentativa 1/3) - MODO TURBO...[0m
[32m[Proc-0] 14:27:48 - INFO     - [Playwright] Navegaçăo interrompida (Redirect?). Verificando...[0m
[33m[Proc-0] 14:27:48 - WARNING  - [Playwright] Falha na navegaçăo. Tentando novamente em 3s... Erro: Page.goto: net::ERR_ABORTED at https://pedidodevistos.mne.gov.pt/VistosOnline/Authentication.jsp?language=PT
Call log:
  - navigating to "https://pedidodevistos.mne.gov.pt/VistosOnline/Authentication.jsp?language=PT", waiting until "domcontentloaded"
[0m
[32m[Proc-0] 14:27:51 - INFO     - [Playwright] Navegando para login (Tentativa 2/3) - MODO TURBO...[0m
[32m[Proc-0] 14:27:52 - INFO     - [Playwright] \u2705 Página de login pronta![0m
[32m[Proc-0] 14:27:52 - INFO     - [Playwright] Current page URL: https://pedidodevistos.mne.gov.pt/VistosOnline/Authentication.jsp?language=PT (navigation took 4.37s)[0m
[32m[Proc-0] 14:27:52 - INFO     - [Playwright] Captured 3 cookies from initial page load[0m
[32m[Proc-0] 14:27:52 - INFO     - [Playwright] Checking if reCAPTCHA widget is present on authentication page...[0m
[32m[Proc-0] 14:27:52 - INFO     - [Pipeline] \u2705 CAPTCHA detectado — preenchendo formulario antes do solver...[0m
[32m[Proc-0] 14:27:54 - INFO     - [Pipeline] Form fill a correr em paralelo com CAPTCHA solver...[0m
[32m[Proc-0] 14:27:57 - INFO     - [Pipeline] \u2705 Form fill concluído em 3.24s[0m
[32m[Proc-0] 14:27:57 - INFO     - [Pipeline] \u2705 Form fill concluído em 5.00s; aguardando readiness do reCAPTCHA antes do solver.[0m
[32m[Proc-0] 14:27:57 - INFO     - [Playwright] Form filling took 3.24s[0m
[32m[Proc-0] 14:27:57 - INFO     - [Playwright] Short settle after form interaction...[0m
[32m[Proc-0] 14:27:57 - INFO     - [Playwright] Waiting for reCAPTCHA widget...[0m
[32m[Proc-0] 14:27:57 - INFO     - [Playwright] \u2705 reCAPTCHA widget ready[0m
[32m[Proc-0] 14:27:57 - INFO     - [Playwright] Widget check 1/5: grecaptcha=True, iframe=True[0m
[32m[Proc-0] 14:27:57 - INFO     - [Playwright] Widget check attempt 1/5: grecaptcha=True, function=False, iframe=True, found=True[0m
[32m[Proc-0] 14:27:57 - INFO     - [Playwright] \u2705 reCAPTCHA widget detected and ready! (Widget ID: 0, iframes: 2)[0m
[32m[Proc-0] 14:27:58 - INFO     - [Playwright] Site key: 6LdOB9crAAAAADT4RFru...[0m
[32m[Proc-0] 14:27:58 - INFO     - [Playwright] CAPTCHA widget detected but solving not started yet, starting now...[0m
[32m[Proc-0] 14:27:58 - INFO     - [Playwright] Waiting for CAPTCHA solving to complete...[0m
[32m[Proc-0] 14:27:58 - INFO     - [Captcha] websiteURL para task: https://pedidodevistos.mne.gov.pt/VistosOnline/Authentication.jsp?language=PT[0m
[32m[Proc-0] 14:27:58 - INFO     - [Captcha] enterprise pageAction para task: LOGIN_EVISA[0m
[32m[Proc-0] 14:27:58 - INFO     - [Captcha] proxyAddress SOAX: 23.109.157.92 (4 IPv4 candidato(s) para Anti-Captcha fallback; host=proxy.soax.com)[0m
[32m[Proc-0] 14:27:58 - INFO     - [Captcha] SOAX/superproxy: IPv4 efémero 23.109.157.92:5000 (credenciais = browser; primeiro edge de proxy.soax.com; normal com hostname rotativo).[0m
[32m[Proc-0] 14:27:58 - INFO     - [Captcha] Login SOAX + CapMonster configurado: Anti-Captcha/2Captcha/CapSolver năo participam nesta corrida por política (`captcha_skip_soax_custom_proxy_solvers_on_login`). Motivo habitual: ERROR_PROXY_CONNECT_REFUSED dos workers externos aos IPs edge SOAX (năo é bug do bot). A resolver só via CapMonster (proxyless) como neste fluxo.[0m
[32m[Proc-0] 14:27:58 - INFO     - [Captcha] Step 1/2: Race (capmonster) em paralelo...[0m
[32m[Proc-0] 14:27:58 - INFO     - [CaptchaBalance] before capmonster: $18.7472[0m
[32m[Proc-0] 14:28:16 - INFO     - [Captcha] \u2705 Solved: capmonster (WINNER dual-service)[0m
[32m[Proc-0] 14:28:16 - INFO     - [CaptchaBalance] after capmonster: $18.7462 (delta=-0.0010)[0m
[32m[Proc-0] 14:28:16 - INFO     - [Playwright] CAPTCHA token received (2532 chars)[0m
[32m[Proc-0] 14:28:16 - INFO     - [Playwright] \u2705 CAPTCHA solver devolveu token em 18.5s (idade ao receber=0.0s, elapsed total desde início do login=37.7s) — injecting token...[0m
[32m[Proc-0] 14:28:16 - INFO     - [Playwright] Verifying grecaptcha is available before token injection...[0m
[32m[Proc-0] 14:28:16 - INFO     - [Playwright] grecaptcha verified, ready for injection[0m
[32m[Proc-0] 14:28:17 - INFO     - [Playwright] captchaWidget após solver: fonte=default_0_grecaptcha_ready; id=0. (Isto apenas alinha JS com o POST; erro de servidor continua visível nos logs/error se o /login falhar.)[0m
[32m[Proc-0] 14:28:17 - INFO     - [Playwright] Injecting solved CAPTCHA token...[0m
[32m[Proc-0] 14:28:17 - INFO     - [Playwright] CAPTCHA token injected (length: 2532) (injection took 0.04s)[0m
[32m[Proc-0] 14:28:17 - INFO     - [Playwright] CAPTCHA token ready; attempted visual checkmark sync: mark_ok=True[0m
[32m[Proc-0] 14:28:17 - INFO     - [Playwright] \u2705 CAPTCHA completion state ready before submit: token_len=2532 frame_checked=True container_checked=True[0m
[32m[Proc-0] 14:28:17 - INFO     - [Playwright] CAPTCHA completion gate passed: {'token_length': 2532, 'textarea_length': 2532, 'container_checked': True, 'captcha_error_visible': False, 'iframe_count': 2, 'frame_checked': True, 'frame_seen': True, 'mark_attempted': True, 'mark_ok': False}[0m
[32m[Proc-0] 14:28:17 - INFO     - [Playwright] Time since CAPTCHA received: 0.59s[0m
[32m[Proc-0] 14:28:17 - INFO     - [Playwright] Total time so far: 38.3s, CAPTCHA-to-submit: 0.6s[0m
[32m[Proc-0] 14:28:17 - INFO     - [Playwright] Interceptaçăo do POST /login configurada abaixo (log ou override de headers)[0m
[32m[Proc-0] 14:28:17 - INFO     - [Playwright] Fast pre-submit readiness check...[0m
[32m[Proc-0] 14:28:17 - INFO     - [Playwright] Fast pre-submit: user_ok=True pass_ok=True captcha_len=2532 src=enterprise jquery=True button_visible=True button_enabled=True[0m
[32m[Proc-0] 14:28:17 - INFO     - [Playwright] Immediate submit path armed — avoiding legacy re-check loops.[0m
[32m[Proc-0] 14:28:17 - INFO     - [Playwright] Injecting hook to capture login AJAX response...[0m
[32m[Proc-0] 14:28:17 - INFO     - [Playwright] POST /login — headers nativos (login_post_header_override=OFF)[0m
[32m[Proc-0] 14:28:17 - INFO     - [Playwright] [submit-count] Click #1/3 no botăo de login (modo retentativa se MNE devolver erro genérico).[0m
[32m[Proc-0] 14:28:17 - INFO     - [Playwright] [submit-count] POST /login #1 capturado pela rede (esperado: exactamente 1).[0m
[32m[Proc-0] 14:28:17 - INFO     - [Playwright] Login request captured: https://pedidodevistos.mne.gov.pt/VistosOnline/login (POST)[0m
[32m[Proc-0] 14:28:17 - INFO     - [BrowserPOSTAudit] fields={'username': {'present': True, 'len': 9, 'sha16': '0cbeffc61e16eadf'}, 'password': {'present': True, 'len': 18, 'sha16': 'cd819944871a59f2'}, 'captchaResponse': {'present': True, 'len': 2532, 'sha16': '81a4e6b35cbd0c14'}, 'language': {'present': True, 'len': 2, 'sha16': '169b032adf2ab80f'}, 'rgpd': {'present': True, 'len': 1, 'sha16': '18f5384d58bcb1bb'}}[0m
[32m[Proc-0] 14:28:17 - INFO     - [BrowserPOSTAudit] headers={'content_type': 'application/x-www-form-urlencoded; charset=UTF-8', 'origin': 'https://pedidodevistos.mne.gov.pt', 'referer': 'https://pedidodevistos.mne.gov.pt/VistosOnline/Authentication.jsp?language=PT', 'x_requested_with': 'XMLHttpRequest', 'sec_fetch_site': '', 'cookie_has_vistos_sid': True, 'cookie_has_cookiesession1': True}[0m
[32m[Proc-0] 14:28:17 - INFO     - [BrowserPOSTAudit] expected_match: user=True pass_len=True captcha_len=2532[0m
[32m[Proc-0] 14:28:17 - INFO     - [Playwright] Login POST: 2616 chars, captcha len=2532[0m
[32m[Proc-0] 14:28:17 - INFO     - [Playwright] Login POST fields: user_ok=True pass_len_ok=True language=PT rgpd=Y[0m
[32m[Proc-0] 14:28:17 - INFO     - [Playwright] [submit-count] Click #1 concluído. Aguardando POST /login na rede...[0m
[32m[Proc-0] 14:28:17 - INFO     - [Playwright] Login response: status=200, URL=https://pedidodevistos.mne.gov.pt/VistosOnline/login[0m
[32m[Proc-0] 14:28:17 - INFO     - [Playwright] Login response seen; waiting for AJAX body capture before deciding success/failure.[0m
[32m[Proc-0] 14:28:17 - INFO     - [Playwright] \u2705 Resposta AJAX Capturada: Status 200[0m
[32m[Proc-0] 14:28:17 - INFO     - [Playwright] \U0001f4cb Resposta do servidor (raw): <!DOCTYPE html>
<html>
<head>
<meta charset="UTF-8">
<meta name="robots" content="noindex,nofollow">
<style>
  body{margin:0;background:#fff}
</style>
</head>
<body>
<script src="/ch/bd.js"></script>
<script>
let HbcZ;!function(){const Q6SG=Array.prototype.slice.call(arguments);return eval("(functio[0m
[33m[Proc-0] 14:28:17 - WARNING  - [Playwright] POST /login devolveu HTML de desafio /ch/ (antibot/WAF). Ŕ espera até 32s do hook AJAX pelo JSON real de login...[0m
[31m[Proc-0] 14:28:51 - ERROR    - [Playwright] \u274c Resposta /login foi desafio /ch/ mas năo apareceu JSON de login no hook — năo marcar sessăo válida.[0m
[33m[Proc-0] 14:28:51 - WARNING  - [BrowserCapture] local_debug_artifacts=false; skip artifact capture (reason=login_antibot_challenge, url=https://pedidodevistos.mne.gov.pt/VistosOnline/Authentication.jsp?language=PT)[0m
[33m[Proc-0] 14:28:51 - WARNING  - [Playwright Internal] Desafio MNE /ch/ no POST /login — BrowserPool preservado (o proxy năo deve ser tratado como túnel partido). Login challenge: servidor devolveu HTML /ch/bd.js no POST /login; sem JSON no hook após espera — credenciais năo completaram login.[0m
[32m[Proc-0] 14:28:51 - INFO     - [BrowserPool] Contexto liberado para proxy.soax.com[0m
[31m[Proc-0] 14:28:52 - ERROR    - [Login] Erro (mne_challenge): Login challenge: servidor devolveu HTML /ch/bd.js no POST /login; sem JSON no hook após espera — credenciais năo complet[0m
[32m[Proc-0] 14:28:52 - INFO     - [Login] tomasjins: resposta POST /login com desafio /ch/ (antibot) — proxy năo penalizado; worker pode marcar falha recuperável.[0m
[33m[Proc-0] 14:28:52 - WARNING  - [main] tomasjins: desafio antibot /ch/ no POST /login — pausa 12s e nova tentativa (sem rotaçăo de chave CAPTCHA). Login challenge: servidor devolveu HTML /ch/bd.js no POST /login; sem JSON no hook após espera — credenciais năo complet[0m
[32m[Proc-0] 14:29:04 - INFO     - [Login] Attempt 2/5 (Using Key Index 0, Process ID 0, mne_503_retries=0/4)[0m
[32m[Proc-0] 14:29:04 - INFO     - [Session] \U0001f512 Proxy exclusivo adquirido: tomasjins -> proxy.soax.com:5000:packag...-300[0m
[32m[Proc-0] 14:29:04 - INFO     - [Session] \u2705 Proxy OK: proxy.soax.com:5000:packag...-300 | exit_ip=161.230.183.165 | validator=https://api.ipify.org?format=json | lat=380ms | user=tomasjins[0m
[32m[Proc-0] 14:29:05 - INFO     - \U0001f4b0 Saldo anti-captcha: $5.7599[0m
[32m[Proc-0] 14:29:05 - INFO     - \U0001f4b0 Saldo 2captcha: $18.0736[0m
[32m[Proc-0] 14:29:05 - INFO     - \U0001f4b0 Saldo capmonster: $18.7452[0m
[32m[Proc-0] 14:29:05 - INFO     - \U0001f4b0 Saldo capsolver: $15.1268[0m
[32m[Proc-0] 14:29:05 - INFO     - [Login] Attempting login via playwright (retries remaining: 1, proxy: proxy.soax.com)...[0m
[32m[Proc-0] 14:29:06 - INFO     - [Playwright] Initializing browser (Ghost Mode Activated)...[0m
[33m[Proc-0] 14:29:06 - WARNING  - [BrowserPool] Contexto existente invalido: BrowserContext.clear_cookies: Target page, context or browser has been closed — criando novo[0m
[32m[Proc-0] 14:29:07 - INFO     - [TLSClient] Preflight: status=200 cookies=['cookiesession1'][0m
[32m[Proc-0] 14:29:07 - INFO     - [Playwright] Launching REAL Chrome/Edge browser...[0m
[32m[Proc-0] 14:29:07 - INFO     - [Playwright] \u2705 Navegador iniciado: chrome[0m
[32m[Proc-0] 14:29:07 - INFO     - [TLSClient] Cookie injection disabled; Playwright will establish its own session cookies on the browser proxy connection.[0m
[32m[Proc-0] 14:29:08 - INFO     - [TLSClient] \u2705 stealth_context criado[0m
[32m[Proc-0] 14:29:08 - INFO     - [Playwright] User-Agent Real em uso: Mozilla/5.0 (Windows NT 10.0; Win64; x64) AppleWebKit/537.36 (KHTML, like Gecko) Chrome/146.0.0.0 Safari/537.36[0m
[32m[Proc-0] 14:29:08 - INFO     - [BrowserPool] Contexto guardado no pool para proxy.soax.com[0m
[32m[Proc-0] 14:29:08 - INFO     - [Playwright] \U0001f47b GhostMode Ativado: ANGLE (AMD, AMD Radeon RX 6700 XT Direct3D11 vs_5_0 ps_5_0, D3D11) | CPU=12c RAM=8GB platform=Win32 [workstation][0m
[32m[Proc-0] 14:29:08 - INFO     - [Playwright] Visiting main page to establish session cookies...[0m
[32m[Proc-0] 14:29:21 - INFO     - [Playwright] Main page loaded (status: 200)[0m
[32m[Proc-0] 14:29:21 - INFO     - [Playwright] Aguardando cookies de sessăo completos (_USER_CONSENT PoW)...[0m
[32m[Proc-0] 14:29:21 - INFO     - [Playwright] \u2705 Sessăo pronta (sem PoW cookie visível): 1 cookies (['cookiesession1'])[0m
[32m[Proc-0] 14:29:21 - INFO     - [Playwright] Navigating to login page: https://pedidodevistos.mne.gov.pt/VistosOnline/Authentication.jsp?language=PT[0m
[32m[Proc-0] 14:29:21 - INFO     - [Playwright] Navegando para login (Tentativa 1/3) - MODO TURBO...[0m
[32m[Proc-0] 14:29:22 - INFO     - [Playwright] Navegaçăo interrompida (Redirect?). Verificando...[0m
[33m[Proc-0] 14:29:22 - WARNING  - [Playwright] Falha na navegaçăo. Tentando novamente em 3s... Erro: Page.goto: net::ERR_ABORTED at https://pedidodevistos.mne.gov.pt/VistosOnline/Authentication.jsp?language=PT
Call log:
  - navigating to "https://pedidodevistos.mne.gov.pt/VistosOnline/Authentication.jsp?language=PT", waiting until "domcontentloaded"
[0m
[32m[Proc-0] 14:29:25 - INFO     - [Playwright] Navegando para login (Tentativa 2/3) - MODO TURBO...[0m
[32m[Proc-0] 14:29:26 - INFO     - [Playwright] \u2705 Página de login pronta![0m
[32m[Proc-0] 14:29:26 - INFO     - [Playwright] Current page URL: https://pedidodevistos.mne.gov.pt/VistosOnline/Authentication.jsp?language=PT (navigation took 4.35s)[0m
[32m[Proc-0] 14:29:26 - INFO     - [Playwright] Captured 3 cookies from initial page load[0m
[32m[Proc-0] 14:29:26 - INFO     - [Playwright] Checking if reCAPTCHA widget is present on authentication page...[0m
[32m[Proc-0] 14:29:26 - INFO     - [Pipeline] \u2705 CAPTCHA detectado — preenchendo formulario antes do solver...[0m
[32m[Proc-0] 14:29:27 - INFO     - [Pipeline] Form fill a correr em paralelo com CAPTCHA solver...[0m
[32m[Proc-0] 14:29:31 - INFO     - [Pipeline] \u2705 Form fill concluído em 3.52s[0m
[32m[Proc-0] 14:29:31 - INFO     - [Pipeline] \u2705 Form fill concluído em 4.93s; aguardando readiness do reCAPTCHA antes do solver.[0m
[32m[Proc-0] 14:29:31 - INFO     - [Playwright] Form filling took 3.52s[0m
[32m[Proc-0] 14:29:31 - INFO     - [Playwright] Short settle after form interaction...[0m
[32m[Proc-0] 14:29:31 - INFO     - [Playwright] Waiting for reCAPTCHA widget...[0m
[32m[Proc-0] 14:29:31 - INFO     - [Playwright] \u2705 reCAPTCHA widget ready[0m
[32m[Proc-0] 14:29:31 - INFO     - [Playwright] Widget check 1/5: grecaptcha=True, iframe=True[0m
[32m[Proc-0] 14:29:31 - INFO     - [Playwright] Widget check attempt 1/5: grecaptcha=True, function=False, iframe=True, found=True[0m
[32m[Proc-0] 14:29:31 - INFO     - [Playwright] \u2705 reCAPTCHA widget detected and ready! (Widget ID: 0, iframes: 2)[0m
[32m[Proc-0] 14:29:31 - INFO     - [Playwright] Site key: 6LdOB9crAAAAADT4RFru...[0m
[32m[Proc-0] 14:29:31 - INFO     - [Playwright] CAPTCHA widget detected but solving not started yet, starting now...[0m
[32m[Proc-0] 14:29:31 - INFO     - [Playwright] Waiting for CAPTCHA solving to complete...[0m
[32m[Proc-0] 14:29:31 - INFO     - [Captcha] websiteURL para task: https://pedidodevistos.mne.gov.pt/VistosOnline/Authentication.jsp?language=PT[0m
[32m[Proc-0] 14:29:31 - INFO     - [Captcha] enterprise pageAction para task: LOGIN_EVISA[0m
[32m[Proc-0] 14:29:31 - INFO     - [Captcha] proxyAddress SOAX: 172.241.53.252 (4 IPv4 candidato(s) para Anti-Captcha fallback; host=proxy.soax.com)[0m
[32m[Proc-0] 14:29:31 - INFO     - [Captcha] SOAX/superproxy: IPv4 efémero 172.241.53.252:5000 (credenciais = browser; primeiro edge de proxy.soax.com; normal com hostname rotativo).[0m
[32m[Proc-0] 14:29:31 - INFO     - [Captcha] Login SOAX + CapMonster configurado: Anti-Captcha/2Captcha/CapSolver năo participam nesta corrida por política (`captcha_skip_soax_custom_proxy_solvers_on_login`). Motivo habitual: ERROR_PROXY_CONNECT_REFUSED dos workers externos aos IPs edge SOAX (năo é bug do bot). A resolver só via CapMonster (proxyless) como neste fluxo.[0m
[32m[Proc-0] 14:29:31 - INFO     - [Captcha] \U0001f3af CAPTCHARouter: provider preferido = capmonster[0m
[32m[Proc-0] 14:29:31 - INFO     - [Captcha] Step 1/2: Race (capmonster) em paralelo...[0m
[32m[Proc-0] 14:29:32 - INFO     - [CaptchaBalance] before capmonster: $18.7452[0m
[32m[Proc-0] 14:30:05 - INFO     - [Captcha] \u2705 Solved: capmonster (WINNER dual-service)[0m
[32m[Proc-0] 14:30:06 - INFO     - [CaptchaBalance] after capmonster: $18.7442 (delta=-0.0010)[0m
[32m[Proc-0] 14:30:06 - INFO     - [Playwright] CAPTCHA token received (2489 chars)[0m
[32m[Proc-0] 14:30:06 - INFO     - [Playwright] \u2705 CAPTCHA solver devolveu token em 34.1s (idade ao receber=0.0s, elapsed total desde início do login=60.0s) — injecting token...[0m
[32m[Proc-0] 14:30:06 - INFO     - [Playwright] Verifying grecaptcha is available before token injection...[0m
[32m[Proc-0] 14:30:06 - INFO     - [Playwright] grecaptcha verified, ready for injection[0m
[32m[Proc-0] 14:30:06 - INFO     - [Playwright] captchaWidget após solver: fonte=default_0_grecaptcha_ready; id=0. (Isto apenas alinha JS com o POST; erro de servidor continua visível nos logs/error se o /login falhar.)[0m
[32m[Proc-0] 14:30:06 - INFO     - [Playwright] Injecting solved CAPTCHA token...[0m
[32m[Proc-0] 14:30:06 - INFO     - [Playwright] CAPTCHA token injected (length: 2489) (injection took 0.02s)[0m
[32m[Proc-0] 14:30:06 - INFO     - [Playwright] CAPTCHA token ready; attempted visual checkmark sync: mark_ok=True[0m
[32m[Proc-0] 14:30:06 - INFO     - [Playwright] \u2705 CAPTCHA completion state ready before submit: token_len=2489 frame_checked=True container_checked=True[0m
[32m[Proc-0] 14:30:06 - INFO     - [Playwright] CAPTCHA completion gate passed: {'token_length': 2489, 'textarea_length': 2489, 'container_checked': True, 'captcha_error_visible': False, 'iframe_count': 2, 'frame_checked': True, 'frame_seen': True, 'mark_attempted': True, 'mark_ok': False}[0m
[32m[Proc-0] 14:30:06 - INFO     - [Playwright] Time since CAPTCHA received: 0.58s[0m
[32m[Proc-0] 14:30:06 - INFO     - [Playwright] Total time so far: 60.6s, CAPTCHA-to-submit: 0.6s[0m
[32m[Proc-0] 14:30:06 - INFO     - [Playwright] Interceptaçăo do POST /login configurada abaixo (log ou override de headers)[0m
[32m[Proc-0] 14:30:06 - INFO     - [Playwright] Fast pre-submit readiness check...[0m
[32m[Proc-0] 14:30:06 - INFO     - [Playwright] Fast pre-submit: user_ok=True pass_ok=True captcha_len=2489 src=enterprise jquery=True button_visible=True button_enabled=True[0m
[32m[Proc-0] 14:30:06 - INFO     - [Playwright] Immediate submit path armed — avoiding legacy re-check loops.[0m
[32m[Proc-0] 14:30:06 - INFO     - [Playwright] Injecting hook to capture login AJAX response...[0m
[32m[Proc-0] 14:30:06 - INFO     - [Playwright] POST /login — headers nativos (login_post_header_override=OFF)[0m
[32m[Proc-0] 14:30:06 - INFO     - [Playwright] [submit-count] Click #1/3 no botăo de login (modo retentativa se MNE devolver erro genérico).[0m
[32m[Proc-0] 14:30:06 - INFO     - [Playwright] [submit-count] POST /login #1 capturado pela rede (esperado: exactamente 1).[0m
[32m[Proc-0] 14:30:06 - INFO     - [Playwright] Login request captured: https://pedidodevistos.mne.gov.pt/VistosOnline/login (POST)[0m
[32m[Proc-0] 14:30:06 - INFO     - [BrowserPOSTAudit] fields={'username': {'present': True, 'len': 9, 'sha16': '0cbeffc61e16eadf'}, 'password': {'present': True, 'len': 18, 'sha16': 'cd819944871a59f2'}, 'captchaResponse': {'present': True, 'len': 2489, 'sha16': 'fe267a07c5664703'}, 'language': {'present': True, 'len': 2, 'sha16': '169b032adf2ab80f'}, 'rgpd': {'present': True, 'len': 1, 'sha16': '18f5384d58bcb1bb'}}[0m
[32m[Proc-0] 14:30:06 - INFO     - [BrowserPOSTAudit] headers={'content_type': 'application/x-www-form-urlencoded; charset=UTF-8', 'origin': 'https://pedidodevistos.mne.gov.pt', 'referer': 'https://pedidodevistos.mne.gov.pt/VistosOnline/Authentication.jsp?language=PT', 'x_requested_with': 'XMLHttpRequest', 'sec_fetch_site': '', 'cookie_has_vistos_sid': True, 'cookie_has_cookiesession1': True}[0m
[32m[Proc-0] 14:30:06 - INFO     - [BrowserPOSTAudit] expected_match: user=True pass_len=True captcha_len=2489[0m
[32m[Proc-0] 14:30:06 - INFO     - [Playwright] Login POST: 2573 chars, captcha len=2489[0m
[32m[Proc-0] 14:30:06 - INFO     - [Playwright] Login POST fields: user_ok=True pass_len_ok=True language=PT rgpd=Y[0m
[32m[Proc-0] 14:30:06 - INFO     - [Playwright] [submit-count] Click #1 concluído. Aguardando POST /login na rede...[0m
[32m[Proc-0] 14:30:07 - INFO     - [Playwright] Login response: status=200, URL=https://pedidodevistos.mne.gov.pt/VistosOnline/login[0m
[32m[Proc-0] 14:30:07 - INFO     - [Playwright] Login response seen; waiting for AJAX body capture before deciding success/failure.[0m
[32m[Proc-0] 14:30:07 - INFO     - [Playwright] \u2705 Resposta AJAX Capturada: Status 200[0m
[32m[Proc-0] 14:30:07 - INFO     - [Playwright] \U0001f4cb Resposta do servidor (raw): <!DOCTYPE html>
<html>
<head>
<meta charset="UTF-8">
<meta name="robots" content="noindex,nofollow">
<style>
  body{margin:0;background:#fff}
</style>
</head>
<body>
<script src="/ch/bd.js"></script>
<script>
let HbcZ;!function(){const Q6SG=Array.prototype.slice.call(arguments);return eval("(functio[0m
[33m[Proc-0] 14:30:07 - WARNING  - [Playwright] POST /login devolveu HTML de desafio /ch/ (antibot/WAF). Ŕ espera até 32s do hook AJAX pelo JSON real de login...[0m
[31m[Proc-0] 14:30:57 - ERROR    - [Playwright] \u274c Resposta /login foi desafio /ch/ mas năo apareceu JSON de login no hook — năo marcar sessăo válida.[0m
[33m[Proc-0] 14:30:57 - WARNING  - [BrowserCapture] local_debug_artifacts=false; skip artifact capture (reason=login_antibot_challenge, url=https://pedidodevistos.mne.gov.pt/VistosOnline/Authentication.jsp?language=PT)[0m
[33m[Proc-0] 14:30:57 - WARNING  - [Playwright Internal] Desafio MNE /ch/ no POST /login — BrowserPool preservado (o proxy năo deve ser tratado como túnel partido). Login challenge: servidor devolveu HTML /ch/bd.js no POST /login; sem JSON no hook após espera — credenciais năo completaram login.[0m
[32m[Proc-0] 14:30:57 - INFO     - [BrowserPool] Contexto liberado para proxy.soax.com[0m
[31m[Proc-0] 14:30:57 - ERROR    - [Login] Erro (mne_challenge): Login challenge: servidor devolveu HTML /ch/bd.js no POST /login; sem JSON no hook após espera — credenciais năo complet[0m
[32m[Proc-0] 14:30:57 - INFO     - [Login] tomasjins: resposta POST /login com desafio /ch/ (antibot) — proxy năo penalizado; worker pode marcar falha recuperável.[0m
[33m[Proc-0] 14:30:57 - WARNING  - [main] tomasjins: desafio antibot /ch/ no POST /login — pausa 12s e nova tentativa (sem rotaçăo de chave CAPTCHA). Login challenge: servidor devolveu HTML /ch/bd.js no POST /login; sem JSON no hook após espera — credenciais năo complet[0m
[32m[Proc-0] 14:31:09 - INFO     - [Login] Attempt 3/5 (Using Key Index 0, Process ID 0, mne_503_retries=0/4)[0m
[32m[Proc-0] 14:31:09 - INFO     - [Session] \U0001f512 Proxy exclusivo adquirido: tomasjins -> proxy.soax.com:5000:packag...-300[0m
[32m[Proc-0] 14:31:10 - INFO     - [Session] \u2705 Proxy OK: proxy.soax.com:5000:packag...-300 | exit_ip=161.230.183.165 | validator=https://api.ipify.org?format=json | lat=418ms | user=tomasjins[0m
[32m[Proc-0] 14:31:10 - INFO     - \U0001f4b0 Saldo anti-captcha: $5.7599[0m
[32m[Proc-0] 14:31:11 - INFO     - \U0001f4b0 Saldo 2captcha: $18.0736[0m
[32m[Proc-0] 14:31:11 - INFO     - \U0001f4b0 Saldo capmonster: $18.7432[0m
[32m[Proc-0] 14:31:11 - INFO     - \U0001f4b0 Saldo capsolver: $15.1268[0m
[32m[Proc-0] 14:31:11 - INFO     - [Login] Attempting login via playwright (retries remaining: 1, proxy: proxy.soax.com)...[0m
[32m[Proc-0] 14:31:13 - INFO     - [Playwright] Initializing browser (Ghost Mode Activated)...[0m
[33m[Proc-0] 14:31:13 - WARNING  - [BrowserPool] Contexto existente invalido: BrowserContext.clear_cookies: Target page, context or browser has been closed — criando novo[0m
[32m[Proc-0] 14:31:13 - INFO     - [TLSClient] Preflight: status=200 cookies=['cookiesession1'][0m
[32m[Proc-0] 14:31:13 - INFO     - [Playwright] Launching REAL Chrome/Edge browser...[0m
[32m[Proc-0] 14:31:14 - INFO     - [Playwright] \u2705 Navegador iniciado: chrome[0m
[32m[Proc-0] 14:31:14 - INFO     - [TLSClient] Cookie injection disabled; Playwright will establish its own session cookies on the browser proxy connection.[0m
[32m[Proc-0] 14:31:14 - INFO     - [TLSClient] \u2705 stealth_context criado[0m
[32m[Proc-0] 14:31:14 - INFO     - [Playwright] User-Agent Real em uso: Mozilla/5.0 (Windows NT 10.0; Win64; x64) AppleWebKit/537.36 (KHTML, like Gecko) Chrome/146.0.0.0 Safari/537.36[0m
[32m[Proc-0] 14:31:14 - INFO     - [BrowserPool] Contexto guardado no pool para proxy.soax.com[0m
[32m[Proc-0] 14:31:14 - INFO     - [Playwright] \U0001f47b GhostMode Ativado: ANGLE (Intel, Intel(R) Iris(R) Xe Graphics Direct3D11 vs_5_0 ps_5_0, D3D11) | CPU=4c RAM=4GB platform=Win32 [laptop-entry][0m
[32m[Proc-0] 14:31:14 - INFO     - [Playwright] Visiting main page to establish session cookies...[0m
[32m[Proc-0] 14:31:20 - INFO     - [Playwright] Main page loaded (status: 200)[0m
[32m[Proc-0] 14:31:20 - INFO     - [Playwright] Aguardando cookies de sessăo completos (_USER_CONSENT PoW)...[0m
[32m[Proc-0] 14:31:20 - INFO     - [Playwright] \u2705 Sessăo pronta (sem PoW cookie visível): 1 cookies (['cookiesession1'])[0m
[32m[Proc-0] 14:31:20 - INFO     - [Playwright] Navigating to login page: https://pedidodevistos.mne.gov.pt/VistosOnline/Authentication.jsp?language=PT[0m
[32m[Proc-0] 14:31:20 - INFO     - [Playwright] Navegando para login (Tentativa 1/3) - MODO TURBO...[0m
[32m[Proc-0] 14:31:20 - INFO     - [Playwright] Navegaçăo interrompida (Redirect?). Verificando...[0m
[33m[Proc-0] 14:31:21 - WARNING  - [Playwright] Falha na navegaçăo. Tentando novamente em 3s... Erro: Page.goto: net::ERR_ABORTED at https://pedidodevistos.mne.gov.pt/VistosOnline/Authentication.jsp?language=PT
Call log:
  - navigating to "https://pedidodevistos.mne.gov.pt/VistosOnline/Authentication.jsp?language=PT", waiting until "domcontentloaded"
[0m
[32m[Proc-0] 14:31:24 - INFO     - [Playwright] Navegando para login (Tentativa 2/3) - MODO TURBO...[0m
[32m[Proc-0] 14:31:24 - INFO     - [Playwright] \u2705 Página de login pronta![0m
[32m[Proc-0] 14:31:24 - INFO     - [Playwright] Current page URL: https://pedidodevistos.mne.gov.pt/VistosOnline/Authentication.jsp?language=PT (navigation took 4.58s)[0m
[32m[Proc-0] 14:31:25 - INFO     - [Playwright] Captured 3 cookies from initial page load[0m
[32m[Proc-0] 14:31:25 - INFO     - [Playwright] Checking if reCAPTCHA widget is present on authentication page...[0m
[32m[Proc-0] 14:31:25 - INFO     - [Pipeline] \u2705 CAPTCHA detectado — preenchendo formulario antes do solver...[0m
[32m[Proc-0] 14:31:26 - INFO     - [Pipeline] Form fill a correr em paralelo com CAPTCHA solver...[0m
[32m[Proc-0] 14:31:30 - INFO     - [Pipeline] \u2705 Form fill concluído em 3.38s[0m
[32m[Proc-0] 14:31:30 - INFO     - [Pipeline] \u2705 Form fill concluído em 5.28s; aguardando readiness do reCAPTCHA antes do solver.[0m
[32m[Proc-0] 14:31:30 - INFO     - [Playwright] Form filling took 3.38s[0m
[32m[Proc-0] 14:31:30 - INFO     - [Playwright] Short settle after form interaction...[0m
[32m[Proc-0] 14:31:30 - INFO     - [Playwright] Waiting for reCAPTCHA widget...[0m
[32m[Proc-0] 14:31:30 - INFO     - [Playwright] \u2705 reCAPTCHA widget ready[0m
[32m[Proc-0] 14:31:30 - INFO     - [Playwright] Widget check 1/5: grecaptcha=True, iframe=True[0m
[32m[Proc-0] 14:31:30 - INFO     - [Playwright] Widget check attempt 1/5: grecaptcha=True, function=False, iframe=True, found=True[0m
[32m[Proc-0] 14:31:30 - INFO     - [Playwright] \u2705 reCAPTCHA widget detected and ready! (Widget ID: 0, iframes: 2)[0m
[32m[Proc-0] 14:31:31 - INFO     - [Playwright] Site key: 6LdOB9crAAAAADT4RFru...[0m
[32m[Proc-0] 14:31:31 - INFO     - [Playwright] CAPTCHA widget detected but solving not started yet, starting now...[0m
[32m[Proc-0] 14:31:31 - INFO     - [Playwright] Waiting for CAPTCHA solving to complete...[0m
[32m[Proc-0] 14:31:31 - INFO     - [Captcha] websiteURL para task: https://pedidodevistos.mne.gov.pt/VistosOnline/Authentication.jsp?language=PT[0m
[32m[Proc-0] 14:31:31 - INFO     - [Captcha] enterprise pageAction para task: LOGIN_EVISA[0m
[32m[Proc-0] 14:31:31 - INFO     - [Captcha] proxyAddress SOAX: 172.255.96.36 (4 IPv4 candidato(s) para Anti-Captcha fallback; host=proxy.soax.com)[0m
[32m[Proc-0] 14:31:31 - INFO     - [Captcha] SOAX/superproxy: IPv4 efémero 172.255.96.36:5000 (credenciais = browser; primeiro edge de proxy.soax.com; normal com hostname rotativo).[0m
[32m[Proc-0] 14:31:31 - INFO     - [Captcha] Login SOAX + CapMonster configurado: Anti-Captcha/2Captcha/CapSolver năo participam nesta corrida por política (`captcha_skip_soax_custom_proxy_solvers_on_login`). Motivo habitual: ERROR_PROXY_CONNECT_REFUSED dos workers externos aos IPs edge SOAX (năo é bug do bot). A resolver só via CapMonster (proxyless) como neste fluxo.[0m
[32m[Proc-0] 14:31:31 - INFO     - [Captcha] \U0001f3af CAPTCHARouter: provider preferido = capmonster[0m
[32m[Proc-0] 14:31:31 - INFO     - [Captcha] Step 1/2: Race (capmonster) em paralelo...[0m
[32m[Proc-0] 14:31:31 - INFO     - [CaptchaBalance] before capmonster: $18.7422[0m
[32m[Proc-0] 14:31:49 - INFO     - [Captcha] \u2705 Solved: capmonster (WINNER dual-service)[0m
[32m[Proc-0] 14:31:49 - INFO     - [CaptchaBalance] after capmonster: $18.7412 (delta=-0.0010)[0m
[32m[Proc-0] 14:31:49 - INFO     - [Playwright] CAPTCHA token received (2489 chars)[0m
[32m[Proc-0] 14:31:49 - INFO     - [Playwright] \u2705 CAPTCHA solver devolveu token em 18.9s (idade ao receber=0.0s, elapsed total desde início do login=38.0s) — injecting token...[0m
[32m[Proc-0] 14:31:49 - INFO     - [Playwright] Verifying grecaptcha is available before token injection...[0m
[32m[Proc-0] 14:31:49 - INFO     - [Playwright] grecaptcha verified, ready for injection[0m
[32m[Proc-0] 14:31:49 - INFO     - [Playwright] captchaWidget após solver: fonte=default_0_grecaptcha_ready; id=0. (Isto apenas alinha JS com o POST; erro de servidor continua visível nos logs/error se o /login falhar.)[0m
[32m[Proc-0] 14:31:49 - INFO     - [Playwright] Injecting solved CAPTCHA token...[0m
[32m[Proc-0] 14:31:49 - INFO     - [Playwright] CAPTCHA token injected (length: 2489) (injection took 0.02s)[0m
[32m[Proc-0] 14:31:49 - INFO     - [Playwright] CAPTCHA token ready; attempted visual checkmark sync: mark_ok=True[0m
[32m[Proc-0] 14:31:50 - INFO     - [Playwright] \u2705 CAPTCHA completion state ready before submit: token_len=2489 frame_checked=True container_checked=True[0m
[32m[Proc-0] 14:31:50 - INFO     - [Playwright] CAPTCHA completion gate passed: {'token_length': 2489, 'textarea_length': 2489, 'container_checked': True, 'captcha_error_visible': False, 'iframe_count': 2, 'frame_checked': True, 'frame_seen': True, 'mark_attempted': True, 'mark_ok': False}[0m
[32m[Proc-0] 14:31:50 - INFO     - [Playwright] Time since CAPTCHA received: 0.62s[0m
[32m[Proc-0] 14:31:50 - INFO     - [Playwright] Total time so far: 38.6s, CAPTCHA-to-submit: 0.6s[0m
[32m[Proc-0] 14:31:50 - INFO     - [Playwright] Interceptaçăo do POST /login configurada abaixo (log ou override de headers)[0m
[32m[Proc-0] 14:31:50 - INFO     - [Playwright] Fast pre-submit readiness check...[0m
[32m[Proc-0] 14:31:50 - INFO     - [Playwright] Fast pre-submit: user_ok=True pass_ok=True captcha_len=2489 src=enterprise jquery=True button_visible=True button_enabled=True[0m
[32m[Proc-0] 14:31:50 - INFO     - [Playwright] Immediate submit path armed — avoiding legacy re-check loops.[0m
[32m[Proc-0] 14:31:50 - INFO     - [Playwright] Injecting hook to capture login AJAX response...[0m
[32m[Proc-0] 14:31:50 - INFO     - [Playwright] POST /login — headers nativos (login_post_header_override=OFF)[0m
[32m[Proc-0] 14:31:50 - INFO     - [Playwright] [submit-count] Click #1/3 no botăo de login (modo retentativa se MNE devolver erro genérico).[0m
[32m[Proc-0] 14:31:50 - INFO     - [Playwright] [submit-count] POST /login #1 capturado pela rede (esperado: exactamente 1).[0m
[32m[Proc-0] 14:31:50 - INFO     - [Playwright] Login request captured: https://pedidodevistos.mne.gov.pt/VistosOnline/login (POST)[0m
[32m[Proc-0] 14:31:50 - INFO     - [BrowserPOSTAudit] fields={'username': {'present': True, 'len': 9, 'sha16': '0cbeffc61e16eadf'}, 'password': {'present': True, 'len': 18, 'sha16': 'cd819944871a59f2'}, 'captchaResponse': {'present': True, 'len': 2489, 'sha16': '6bd0126a8e4107f7'}, 'language': {'present': True, 'len': 2, 'sha16': '169b032adf2ab80f'}, 'rgpd': {'present': True, 'len': 1, 'sha16': '18f5384d58bcb1bb'}}[0m
[32m[Proc-0] 14:31:50 - INFO     - [BrowserPOSTAudit] headers={'content_type': 'application/x-www-form-urlencoded; charset=UTF-8', 'origin': 'https://pedidodevistos.mne.gov.pt', 'referer': 'https://pedidodevistos.mne.gov.pt/VistosOnline/Authentication.jsp?language=PT', 'x_requested_with': 'XMLHttpRequest', 'sec_fetch_site': '', 'cookie_has_vistos_sid': True, 'cookie_has_cookiesession1': True}[0m
[32m[Proc-0] 14:31:50 - INFO     - [BrowserPOSTAudit] expected_match: user=True pass_len=True captcha_len=2489[0m
[32m[Proc-0] 14:31:50 - INFO     - [Playwright] Login POST: 2573 chars, captcha len=2489[0m
[32m[Proc-0] 14:31:50 - INFO     - [Playwright] Login POST fields: user_ok=True pass_len_ok=True language=PT rgpd=Y[0m
[32m[Proc-0] 14:31:50 - INFO     - [Playwright] [submit-count] Click #1 concluído. Aguardando POST /login na rede...[0m
[32m[Proc-0] 14:31:53 - INFO     - [Playwright] Login response: status=200, URL=https://pedidodevistos.mne.gov.pt/VistosOnline/login[0m
[32m[Proc-0] 14:31:53 - INFO     - [Playwright] Login response seen; waiting for AJAX body capture before deciding success/failure.[0m
[32m[Proc-0] 14:31:53 - INFO     - [Playwright] \u2705 Resposta AJAX Capturada: Status 200[0m
[32m[Proc-0] 14:31:53 - INFO     - [Playwright] \U0001f4cb Resposta do servidor (JSON): {'type': 'error', 'description': 'Foi encontrado um erro ao executar a operaçăo.'}[0m
[33m[Proc-0] 14:31:53 - WARNING  - [Playwright] MNE devolveu erro genérico de operaçăo (HTTP 200) — pode ser sobrecarga/back-end. Novo POST /login com o MESMO token CAPTCHA após backoff (tentativa_extra 1/2; sem novo solve).[0m
[32m[Proc-0] 14:32:09 - INFO     - [Playwright] [submit-count] Click #2/3 no botăo de login (modo retentativa se MNE devolver erro genérico).[0m
[32m[Proc-0] 14:32:19 - INFO     - [Playwright] Botăo Iniciar Sessăo ainda disabled — reactivaçăo controlada para retentativa MNE.[0m
[32m[Proc-0] 14:32:19 - INFO     - [Playwright] [submit-count] POST /login #2 (retentativa MNE erro genérico / instabilidade; esperado).[0m
[32m[Proc-0] 14:32:19 - INFO     - [Playwright] Login POST: 2573 chars, captcha len=2489[0m
[32m[Proc-0] 14:32:19 - INFO     - [Playwright] Login POST fields: user_ok=True pass_len_ok=True language=PT rgpd=Y[0m
[32m[Proc-0] 14:32:20 - INFO     - [Playwright] [submit-count] Click #2 concluído. Aguardando POST /login na rede...[0m
[32m[Proc-0] 14:32:20 - INFO     - [Playwright] Login response: status=200, URL=https://pedidodevistos.mne.gov.pt/VistosOnline/login[0m
[32m[Proc-0] 14:32:20 - INFO     - [Playwright] Login response seen; waiting for AJAX body capture before deciding success/failure.[0m
[32m[Proc-0] 14:32:20 - INFO     - [Playwright] \u2705 Resposta AJAX Capturada: Status 200[0m
[32m[Proc-0] 14:32:20 - INFO     - [Playwright] \U0001f4cb Resposta do servidor (raw): <!DOCTYPE html>
<html>
<head>
<meta charset="UTF-8">
<meta name="robots" content="noindex,nofollow">
<style>
  body{margin:0;background:#fff}
</style>
</head>
<body>
<script src="/ch/bd.js"></script>
<script>
let HbcZ;!function(){const Q6SG=Array.prototype.slice.call(arguments);return eval("(functio[0m
[33m[Proc-0] 14:32:20 - WARNING  - [Playwright] POST /login devolveu HTML de desafio /ch/ (antibot/WAF). Ŕ espera até 32s do hook AJAX pelo JSON real de login...[0m
[31m[Proc-0] 14:32:56 - ERROR    - [Playwright] \u274c Resposta /login foi desafio /ch/ mas năo apareceu JSON de login no hook — năo marcar sessăo válida.[0m
[33m[Proc-0] 14:32:56 - WARNING  - [BrowserCapture] local_debug_artifacts=false; skip artifact capture (reason=login_antibot_challenge, url=https://pedidodevistos.mne.gov.pt/VistosOnline/Authentication.jsp?language=PT)[0m
[33m[Proc-0] 14:32:56 - WARNING  - [Playwright Internal] Desafio MNE /ch/ no POST /login — BrowserPool preservado (o proxy năo deve ser tratado como túnel partido). Login challenge: servidor devolveu HTML /ch/bd.js no POST /login; sem JSON no hook após espera — credenciais năo completaram login.[0m
[32m[Proc-0] 14:32:56 - INFO     - [BrowserPool] Contexto liberado para proxy.soax.com[0m
[31m[Proc-0] 14:32:56 - ERROR    - [Login] Erro (mne_challenge): Login challenge: servidor devolveu HTML /ch/bd.js no POST /login; sem JSON no hook após espera — credenciais năo complet[0m
[32m[Proc-0] 14:32:56 - INFO     - [Login] tomasjins: resposta POST /login com desafio /ch/ (antibot) — proxy năo penalizado; worker pode marcar falha recuperável.[0m
[33m[Proc-0] 14:32:56 - WARNING  - [main] tomasjins: desafio antibot /ch/ no POST /login — pausa 12s e nova tentativa (sem rotaçăo de chave CAPTCHA). Login challenge: servidor devolveu HTML /ch/bd.js no POST /login; sem JSON no hook após espera — credenciais năo complet[0m
[32m[Proc-0] 14:33:08 - INFO     - [Login] Attempt 4/5 (Using Key Index 0, Process ID 0, mne_503_retries=0/4)[0m
[32m[Proc-0] 14:33:08 - INFO     - [Session] \U0001f512 Proxy exclusivo adquirido: tomasjins -> proxy.soax.com:5000:packag...-300[0m
[32m[Proc-0] 14:33:09 - INFO     - [Session] \u2705 Proxy OK: proxy.soax.com:5000:packag...-300 | exit_ip=213.22.214.189 | validator=https://api.ipify.org?format=json | lat=553ms | user=tomasjins[0m
[32m[Proc-0] 14:33:10 - INFO     - \U0001f4b0 Saldo anti-captcha: $5.7599[0m
[32m[Proc-0] 14:33:10 - INFO     - \U0001f4b0 Saldo 2captcha: $18.0736[0m
[32m[Proc-0] 14:33:10 - INFO     - \U0001f4b0 Saldo capmonster: $18.7402[0m
[32m[Proc-0] 14:33:11 - INFO     - \U0001f4b0 Saldo capsolver: $15.1268[0m
[32m[Proc-0] 14:33:11 - INFO     - [Login] Attempting login via playwright (retries remaining: 1, proxy: proxy.soax.com)...[0m
[32m[Proc-0] 14:33:12 - INFO     - [Playwright] Initializing browser (Ghost Mode Activated)...[0m
[33m[Proc-0] 14:33:12 - WARNING  - [BrowserPool] Contexto existente invalido: BrowserContext.clear_cookies: Target page, context or browser has been closed — criando novo[0m
[32m[Proc-0] 14:33:13 - INFO     - [TLSClient] Preflight: status=200 cookies=['cookiesession1'][0m
[32m[Proc-0] 14:33:13 - INFO     - [Playwright] Launching REAL Chrome/Edge browser...[0m
[32m[Proc-0] 14:33:13 - INFO     - [Playwright] \u2705 Navegador iniciado: chrome[0m
[32m[Proc-0] 14:33:13 - INFO     - [TLSClient] Cookie injection disabled; Playwright will establish its own session cookies on the browser proxy connection.[0m
[32m[Proc-0] 14:33:14 - INFO     - [TLSClient] \u2705 stealth_context criado[0m
[32m[Proc-0] 14:33:14 - INFO     - [Playwright] User-Agent Real em uso: Mozilla/5.0 (Windows NT 10.0; Win64; x64) AppleWebKit/537.36 (KHTML, like Gecko) Chrome/146.0.0.0 Safari/537.36[0m
[32m[Proc-0] 14:33:14 - INFO     - [BrowserPool] Contexto guardado no pool para proxy.soax.com[0m
[32m[Proc-0] 14:33:14 - INFO     - [Playwright] \U0001f47b GhostMode Ativado: ANGLE (Intel, Intel(R) UHD Graphics 620 Direct3D11 vs_5_0 ps_5_0, D3D11) | CPU=8c RAM=8GB platform=Win32 [desktop-std][0m
[32m[Proc-0] 14:33:14 - INFO     - [Playwright] Visiting main page to establish session cookies...[0m
[32m[Proc-0] 14:33:22 - INFO     - [Playwright] Main page loaded (status: 200)[0m
[32m[Proc-0] 14:33:22 - INFO     - [Playwright] Aguardando cookies de sessăo completos (_USER_CONSENT PoW)...[0m
[32m[Proc-0] 14:33:22 - INFO     - [Playwright] \u2705 Sessăo pronta (sem PoW cookie visível): 1 cookies (['cookiesession1'])[0m
[32m[Proc-0] 14:33:22 - INFO     - [Playwright] Navigating to login page: https://pedidodevistos.mne.gov.pt/VistosOnline/Authentication.jsp?language=PT[0m
[32m[Proc-0] 14:33:22 - INFO     - [Playwright] Navegando para login (Tentativa 1/3) - MODO TURBO...[0m
[32m[Proc-0] 14:33:22 - INFO     - [Playwright] Navegaçăo interrompida (Redirect?). Verificando...[0m
[33m[Proc-0] 14:33:22 - WARNING  - [Playwright] Falha na navegaçăo. Tentando novamente em 3s... Erro: Page.goto: net::ERR_ABORTED at https://pedidodevistos.mne.gov.pt/VistosOnline/Authentication.jsp?language=PT
Call log:
  - navigating to "https://pedidodevistos.mne.gov.pt/VistosOnline/Authentication.jsp?language=PT", waiting until "domcontentloaded"
[0m
[32m[Proc-0] 14:33:25 - INFO     - [Playwright] Navegando para login (Tentativa 2/3) - MODO TURBO...[0m
[32m[Proc-0] 14:33:26 - INFO     - [Playwright] \u2705 Página de login pronta![0m
[32m[Proc-0] 14:33:26 - INFO     - [Playwright] Current page URL: https://pedidodevistos.mne.gov.pt/VistosOnline/Authentication.jsp?language=PT (navigation took 4.91s)[0m
[32m[Proc-0] 14:33:26 - INFO     - [Playwright] Captured 3 cookies from initial page load[0m
[32m[Proc-0] 14:33:26 - INFO     - [Playwright] Checking if reCAPTCHA widget is present on authentication page...[0m
[32m[Proc-0] 14:33:26 - INFO     - [Pipeline] \u2705 CAPTCHA detectado — preenchendo formulario antes do solver...[0m
[32m[Proc-0] 14:33:28 - INFO     - [Pipeline] Form fill a correr em paralelo com CAPTCHA solver...[0m
[32m[Proc-0] 14:33:32 - INFO     - [Pipeline] \u2705 Form fill concluído em 3.13s[0m
[32m[Proc-0] 14:33:32 - INFO     - [Pipeline] \u2705 Form fill concluído em 5.09s; aguardando readiness do reCAPTCHA antes do solver.[0m
[32m[Proc-0] 14:33:32 - INFO     - [Playwright] Form filling took 3.13s[0m
[32m[Proc-0] 14:33:32 - INFO     - [Playwright] Short settle after form interaction...[0m
[32m[Proc-0] 14:33:32 - INFO     - [Playwright] Waiting for reCAPTCHA widget...[0m
[32m[Proc-0] 14:33:32 - INFO     - [Playwright] \u2705 reCAPTCHA widget ready[0m
[32m[Proc-0] 14:33:32 - INFO     - [Playwright] Widget check 1/5: grecaptcha=True, iframe=True[0m
[32m[Proc-0] 14:33:32 - INFO     - [Playwright] Widget check attempt 1/5: grecaptcha=True, function=False, iframe=True, found=True[0m
[32m[Proc-0] 14:33:32 - INFO     - [Playwright] \u2705 reCAPTCHA widget detected and ready! (Widget ID: 0, iframes: 2)[0m
[32m[Proc-0] 14:33:32 - INFO     - [Playwright] Site key: 6LdOB9crAAAAADT4RFru...[0m
[32m[Proc-0] 14:33:32 - INFO     - [Playwright] CAPTCHA widget detected but solving not started yet, starting now...[0m
[32m[Proc-0] 14:33:32 - INFO     - [Playwright] Waiting for CAPTCHA solving to complete...[0m
[32m[Proc-0] 14:33:32 - INFO     - [Captcha] websiteURL para task: https://pedidodevistos.mne.gov.pt/VistosOnline/Authentication.jsp?language=PT[0m
[32m[Proc-0] 14:33:32 - INFO     - [Captcha] enterprise pageAction para task: LOGIN_EVISA[0m
[32m[Proc-0] 14:33:32 - INFO     - [Captcha] proxyAddress SOAX: 23.109.157.92 (4 IPv4 candidato(s) para Anti-Captcha fallback; host=proxy.soax.com)[0m
[32m[Proc-0] 14:33:32 - INFO     - [Captcha] SOAX/superproxy: IPv4 efémero 23.109.157.92:5000 (credenciais = browser; primeiro edge de proxy.soax.com; normal com hostname rotativo).[0m
[32m[Proc-0] 14:33:32 - INFO     - [Captcha] Login SOAX + CapMonster configurado: Anti-Captcha/2Captcha/CapSolver năo participam nesta corrida por política (`captcha_skip_soax_custom_proxy_solvers_on_login`). Motivo habitual: ERROR_PROXY_CONNECT_REFUSED dos workers externos aos IPs edge SOAX (năo é bug do bot). A resolver só via CapMonster (proxyless) como neste fluxo.[0m
[32m[Proc-0] 14:33:32 - INFO     - [Captcha] \U0001f3af CAPTCHARouter: provider preferido = capmonster[0m
[32m[Proc-0] 14:33:32 - INFO     - [Captcha] Step 1/2: Race (capmonster) em paralelo...[0m
[32m[Proc-0] 14:33:33 - INFO     - [CaptchaBalance] before capmonster: $18.7402[0m
[32m[Proc-0] 14:34:05 - INFO     - [Captcha] \u2705 Solved: capmonster (WINNER dual-service)[0m
[32m[Proc-0] 14:34:06 - INFO     - [CaptchaBalance] after capmonster: $18.7392 (delta=-0.0010)[0m
[32m[Proc-0] 14:34:06 - INFO     - [Playwright] CAPTCHA token received (2489 chars)[0m
[32m[Proc-0] 14:34:06 - INFO     - [Playwright] \u2705 CAPTCHA solver devolveu token em 33.5s (idade ao receber=0.0s, elapsed total desde início do login=55.1s) — injecting token...[0m
[32m[Proc-0] 14:34:06 - INFO     - [Playwright] Verifying grecaptcha is available before token injection...[0m
[32m[Proc-0] 14:34:06 - INFO     - [Playwright] grecaptcha verified, ready for injection[0m
[32m[Proc-0] 14:34:06 - INFO     - [Playwright] captchaWidget após solver: fonte=default_0_grecaptcha_ready; id=0. (Isto apenas alinha JS com o POST; erro de servidor continua visível nos logs/error se o /login falhar.)[0m
[32m[Proc-0] 14:34:06 - INFO     - [Playwright] Injecting solved CAPTCHA token...[0m
[32m[Proc-0] 14:34:06 - INFO     - [Playwright] CAPTCHA token injected (length: 2489) (injection took 0.04s)[0m
[32m[Proc-0] 14:34:06 - INFO     - [Playwright] CAPTCHA token ready; attempted visual checkmark sync: mark_ok=True[0m
[32m[Proc-0] 14:34:06 - INFO     - [Playwright] \u2705 CAPTCHA completion state ready before submit: token_len=2489 frame_checked=True container_checked=True[0m
[32m[Proc-0] 14:34:06 - INFO     - [Playwright] CAPTCHA completion gate passed: {'token_length': 2489, 'textarea_length': 2489, 'container_checked': True, 'captcha_error_visible': False, 'iframe_count': 2, 'frame_checked': True, 'frame_seen': True, 'mark_attempted': True, 'mark_ok': False}[0m
[32m[Proc-0] 14:34:06 - INFO     - [Playwright] Time since CAPTCHA received: 0.61s[0m
[32m[Proc-0] 14:34:06 - INFO     - [Playwright] Total time so far: 55.7s, CAPTCHA-to-submit: 0.6s[0m
[32m[Proc-0] 14:34:06 - INFO     - [Playwright] Interceptaçăo do POST /login configurada abaixo (log ou override de headers)[0m
[32m[Proc-0] 14:34:06 - INFO     - [Playwright] Fast pre-submit readiness check...[0m
[32m[Proc-0] 14:34:06 - INFO     - [Playwright] Fast pre-submit: user_ok=True pass_ok=True captcha_len=2489 src=enterprise jquery=True button_visible=True button_enabled=True[0m
[32m[Proc-0] 14:34:06 - INFO     - [Playwright] Immediate submit path armed — avoiding legacy re-check loops.[0m
[32m[Proc-0] 14:34:06 - INFO     - [Playwright] Injecting hook to capture login AJAX response...[0m
[32m[Proc-0] 14:34:06 - INFO     - [Playwright] POST /login — headers nativos (login_post_header_override=OFF)[0m
[32m[Proc-0] 14:34:06 - INFO     - [Playwright] [submit-count] Click #1/3 no botăo de login (modo retentativa se MNE devolver erro genérico).[0m
[32m[Proc-0] 14:34:06 - INFO     - [Playwright] [submit-count] POST /login #1 capturado pela rede (esperado: exactamente 1).[0m
[32m[Proc-0] 14:34:06 - INFO     - [Playwright] Login request captured: https://pedidodevistos.mne.gov.pt/VistosOnline/login (POST)[0m
[32m[Proc-0] 14:34:06 - INFO     - [BrowserPOSTAudit] fields={'username': {'present': True, 'len': 9, 'sha16': '0cbeffc61e16eadf'}, 'password': {'present': True, 'len': 18, 'sha16': 'cd819944871a59f2'}, 'captchaResponse': {'present': True, 'len': 2489, 'sha16': 'e52744a4f06e9672'}, 'language': {'present': True, 'len': 2, 'sha16': '169b032adf2ab80f'}, 'rgpd': {'present': True, 'len': 1, 'sha16': '18f5384d58bcb1bb'}}[0m
[32m[Proc-0] 14:34:06 - INFO     - [BrowserPOSTAudit] headers={'content_type': 'application/x-www-form-urlencoded; charset=UTF-8', 'origin': 'https://pedidodevistos.mne.gov.pt', 'referer': 'https://pedidodevistos.mne.gov.pt/VistosOnline/Authentication.jsp?language=PT', 'x_requested_with': 'XMLHttpRequest', 'sec_fetch_site': '', 'cookie_has_vistos_sid': True, 'cookie_has_cookiesession1': True}[0m
[32m[Proc-0] 14:34:06 - INFO     - [BrowserPOSTAudit] expected_match: user=True pass_len=True captcha_len=2489[0m
[32m[Proc-0] 14:34:06 - INFO     - [Playwright] Login POST: 2573 chars, captcha len=2489[0m
[32m[Proc-0] 14:34:06 - INFO     - [Playwright] Login POST fields: user_ok=True pass_len_ok=True language=PT rgpd=Y[0m
[32m[Proc-0] 14:34:06 - INFO     - [Playwright] [submit-count] Click #1 concluído. Aguardando POST /login na rede...[0m
[32m[Proc-0] 14:34:07 - INFO     - [Playwright] Login response: status=200, URL=https://pedidodevistos.mne.gov.pt/VistosOnline/login[0m
[32m[Proc-0] 14:34:07 - INFO     - [Playwright] Login response seen; waiting for AJAX body capture before deciding success/failure.[0m
[32m[Proc-0] 14:34:07 - INFO     - [Playwright] \u2705 Resposta AJAX Capturada: Status 200[0m
[32m[Proc-0] 14:34:07 - INFO     - [Playwright] \U0001f4cb Resposta do servidor (raw): <!DOCTYPE html>
<html>
<head>
<meta charset="UTF-8">
<meta name="robots" content="noindex,nofollow">
<style>
  body{margin:0;background:#fff}
</style>
</head>
<body>
<script src="/ch/bd.js"></script>
<script>
let HbcZ;!function(){const Q6SG=Array.prototype.slice.call(arguments);return eval("(functio[0m
[33m[Proc-0] 14:34:07 - WARNING  - [Playwright] POST /login devolveu HTML de desafio /ch/ (antibot/WAF). Ŕ espera até 32s do hook AJAX pelo JSON real de login...[0m
[31m[Proc-0] 14:34:47 - ERROR    - [Playwright] \u274c Resposta /login foi desafio /ch/ mas năo apareceu JSON de login no hook — năo marcar sessăo válida.[0m
[33m[Proc-0] 14:34:47 - WARNING  - [BrowserCapture] local_debug_artifacts=false; skip artifact capture (reason=login_antibot_challenge, url=https://pedidodevistos.mne.gov.pt/VistosOnline/Authentication.jsp?language=PT)[0m
[33m[Proc-0] 14:34:47 - WARNING  - [Playwright Internal] Desafio MNE /ch/ no POST /login — BrowserPool preservado (o proxy năo deve ser tratado como túnel partido). Login challenge: servidor devolveu HTML /ch/bd.js no POST /login; sem JSON no hook após espera — credenciais năo completaram login.[0m
[32m[Proc-0] 14:34:47 - INFO     - [BrowserPool] Contexto liberado para proxy.soax.com[0m
[31m[Proc-0] 14:34:47 - ERROR    - [Login] Erro (mne_challenge): Login challenge: servidor devolveu HTML /ch/bd.js no POST /login; sem JSON no hook após espera — credenciais năo complet[0m
[32m[Proc-0] 14:34:47 - INFO     - [Login] tomasjins: resposta POST /login com desafio /ch/ (antibot) — proxy năo penalizado; worker pode marcar falha recuperável.[0m
[33m[Proc-0] 14:34:47 - WARNING  - [main] tomasjins: desafio antibot /ch/ no POST /login — pausa 12s e nova tentativa (sem rotaçăo de chave CAPTCHA). Login challenge: servidor devolveu HTML /ch/bd.js no POST /login; sem JSON no hook após espera — credenciais năo complet[0m
[32m[Proc-0] 14:34:59 - INFO     - [Login] Attempt 5/5 (Using Key Index 0, Process ID 0, mne_503_retries=0/4)[0m
[32m[Proc-0] 14:34:59 - INFO     - [Session] \U0001f512 Proxy exclusivo adquirido: tomasjins -> proxy.soax.com:5000:packag...-300[0m
[32m[Proc-0] 14:34:59 - INFO     - [Session] \u2705 Proxy OK: proxy.soax.com:5000:packag...-300 | exit_ip=213.22.214.189 | validator=https://api.ipify.org?format=json | lat=523ms | user=tomasjins[0m
[32m[Proc-0] 14:35:00 - INFO     - \U0001f4b0 Saldo anti-captcha: $5.7599[0m
[32m[Proc-0] 14:35:00 - INFO     - \U0001f4b0 Saldo 2captcha: $18.0736[0m
[32m[Proc-0] 14:35:00 - INFO     - \U0001f4b0 Saldo capmonster: $18.7382[0m
[32m[Proc-0] 14:35:01 - INFO     - \U0001f4b0 Saldo capsolver: $15.1268[0m
[32m[Proc-0] 14:35:01 - INFO     - [Login] Attempting login via playwright (retries remaining: 1, proxy: proxy.soax.com)...[0m
[32m[Proc-0] 14:35:02 - INFO     - [Playwright] Initializing browser (Ghost Mode Activated)...[0m
[33m[Proc-0] 14:35:02 - WARNING  - [BrowserPool] Contexto existente invalido: BrowserContext.clear_cookies: Target page, context or browser has been closed — criando novo[0m
[32m[Proc-0] 14:35:03 - INFO     - [TLSClient] Preflight: status=200 cookies=['cookiesession1'][0m
[32m[Proc-0] 14:35:03 - INFO     - [Playwright] Launching REAL Chrome/Edge browser...[0m
[32m[Proc-0] 14:35:03 - INFO     - [Playwright] \u2705 Navegador iniciado: chrome[0m
[32m[Proc-0] 14:35:03 - INFO     - [TLSClient] Cookie injection disabled; Playwright will establish its own session cookies on the browser proxy connection.[0m
[32m[Proc-0] 14:35:03 - INFO     - [TLSClient] \u2705 stealth_context criado[0m
[32m[Proc-0] 14:35:03 - INFO     - [Playwright] User-Agent Real em uso: Mozilla/5.0 (Windows NT 10.0; Win64; x64) AppleWebKit/537.36 (KHTML, like Gecko) Chrome/146.0.0.0 Safari/537.36[0m
[32m[Proc-0] 14:35:03 - INFO     - [BrowserPool] Contexto guardado no pool para proxy.soax.com[0m
[32m[Proc-0] 14:35:03 - INFO     - [Playwright] \U0001f47b GhostMode Ativado: Intel Iris OpenGL Engine | CPU=16c RAM=8GB platform=Win32 [workstation-hi][0m
[32m[Proc-0] 14:35:03 - INFO     - [Playwright] Visiting main page to establish session cookies...[0m
[32m[Proc-0] 14:35:15 - INFO     - [Playwright] Main page loaded (status: 200)[0m
[32m[Proc-0] 14:35:15 - INFO     - [Playwright] Aguardando cookies de sessăo completos (_USER_CONSENT PoW)...[0m
[32m[Proc-0] 14:35:15 - INFO     - [Playwright] \u2705 Sessăo pronta (sem PoW cookie visível): 1 cookies (['cookiesession1'])[0m
[32m[Proc-0] 14:35:15 - INFO     - [Playwright] Navigating to login page: https://pedidodevistos.mne.gov.pt/VistosOnline/Authentication.jsp?language=PT[0m
[32m[Proc-0] 14:35:15 - INFO     - [Playwright] Navegando para login (Tentativa 1/3) - MODO TURBO...[0m
[32m[Proc-0] 14:35:15 - INFO     - [Playwright] Navegaçăo interrompida (Redirect?). Verificando...[0m
[33m[Proc-0] 14:35:15 - WARNING  - [Playwright] Falha na navegaçăo. Tentando novamente em 3s... Erro: Page.goto: net::ERR_ABORTED at https://pedidodevistos.mne.gov.pt/VistosOnline/Authentication.jsp?language=PT
Call log:
  - navigating to "https://pedidodevistos.mne.gov.pt/VistosOnline/Authentication.jsp?language=PT", waiting until "domcontentloaded"
[0m
[32m[Proc-0] 14:35:18 - INFO     - [Playwright] Navegando para login (Tentativa 2/3) - MODO TURBO...[0m
[32m[Proc-0] 14:35:20 - INFO     - [Playwright] \u2705 Página de login pronta![0m
[32m[Proc-0] 14:35:20 - INFO     - [Playwright] Current page URL: https://pedidodevistos.mne.gov.pt/VistosOnline/Authentication.jsp?language=PT (navigation took 4.62s)[0m
[32m[Proc-0] 14:35:20 - INFO     - [Playwright] Captured 3 cookies from initial page load[0m
[32m[Proc-0] 14:35:20 - INFO     - [Playwright] Checking if reCAPTCHA widget is present on authentication page...[0m
[32m[Proc-0] 14:35:20 - INFO     - [Pipeline] \u2705 CAPTCHA detectado — preenchendo formulario antes do solver...[0m
[32m[Proc-0] 14:35:21 - INFO     - [Pipeline] Form fill a correr em paralelo com CAPTCHA solver...[0m
