[32m[Proc-0] 04:34:55 - INFO     - Iniciando Scraper com Dynamic Work Queue em: C:\Users\Administrator\Desktop\New folder\clean_bot\new_bot[0m
[32m[Proc-0] 04:34:55 - INFO     - Iniciando Scraper com Dynamic Work Queue em: C:\Users\Administrator\Desktop\New folder\clean_bot\new_bot[0m
[33m[Proc-0] 04:34:56 - WARNING  - use_proxy=false — tráfego DIRECTO (allow_direct_traffic=true). Risco elevado para o IP.[0m
[32m[Proc-0] 04:34:56 - INFO     - \U0001f4cb 9 utilizadores carregados do CSV.[0m
[32m[Proc-0] 04:34:56 - INFO     - \U0001f4ca CSV status summary: queue_elegiveis=1 | false=1 | pending=0 | empty=0 | failed_retry_later=3 | processing=0 | banned_403=0 | recaptcha_quota=0 | blocked_site=0 | success=0 | true=5 | credential_recovery_required=0[0m
[32m[Proc-0] 04:34:56 - INFO     - Redis desativado; usando queue in-memory[0m
[32m[Proc-0] 04:34:56 - INFO     - \U0001f4e5 1 users adicionados a Work Queue. [WQ] 1 users pendentes na queue[0m
[32m[Proc-0] 04:34:56 - INFO     - \u2699\ufe0f Workers: 1 (cpu=12, users_pendentes=1, max_cfg=1)[0m
[32m[Proc-0] 04:34:56 - INFO     - \U0001f50c Proxy chunks: [1] (1 alocados para chunking, 1 na config)[0m
[32m[Proc-0] 04:34:56 - INFO     - [OK] 1 workers iniciados em modo Dynamic Work Queue.[0m
[32m[Proc-0] 04:34:57 - INFO     - [Process-0] Sem Redis: 1 utilizadores pendentes carregados do CSV para fila local.[0m
[32m[Proc-0] 04:34:57 - INFO     - [Process-0] \U0001f3c3 Worker loop iniciado (concurrency=1)[0m
[32m[Proc-0] 04:34:58 - INFO     - [Process-0] \u25b6\ufe0f Task iniciada: gilso111 (1/1 slots ocupados)[0m
[32m[Proc-0] 04:34:58 - INFO     - [CSV Update] Updated gilso111 -> 'processing'[0m
[32m[Proc-0] 04:34:58 - INFO     - [Process-0] \U0001f504 Claimed: gilso111[0m
[32m[Proc-0] 04:34:59 - INFO     - [Login] Attempt 1/5 (Using Key Index 0, Process ID 0, mne_503_retries=0/4)[0m
[32m[Proc-0] 04:34:59 - INFO     - [Session] Tráfego direto (use_proxy=false) — httpx sem proxy[0m
[32m[Proc-0] 04:35:00 - INFO     - \U0001f4b0 Saldo anti-captcha: $5.7599[0m
[32m[Proc-0] 04:35:00 - INFO     - \U0001f4b0 Saldo 2captcha: $18.0736[0m
[32m[Proc-0] 04:35:01 - INFO     - \U0001f4b0 Saldo capmonster: $18.6862[0m
[32m[Proc-0] 04:35:01 - INFO     - \U0001f4b0 Saldo capsolver: $15.1268[0m
[32m[Proc-0] 04:35:01 - INFO     - [Login] Attempting login via playwright (retries remaining: 1, proxy: __DIRECT__)...[0m
[32m[Proc-0] 04:35:02 - INFO     - [Playwright] Initializing browser (Ghost Mode Activated)...[0m
[32m[Proc-0] 04:35:02 - INFO     - [TLSClient] Preflight: status=200 cookies=['cookiesession1'][0m
[32m[Proc-0] 04:35:02 - INFO     - [Playwright] Launching REAL Chrome/Edge browser...[0m
[32m[Proc-0] 04:35:02 - INFO     - [Playwright] \u2705 Navegador iniciado: chrome[0m
[32m[Proc-0] 04:35:02 - INFO     - [TLSClient] Cookie injection disabled; Playwright will establish its own session cookies on the browser proxy connection.[0m
[32m[Proc-0] 04:35:03 - INFO     - [TLSClient] \u2705 stealth_context criado[0m
[32m[Proc-0] 04:35:03 - INFO     - [Playwright] User-Agent Real em uso: Mozilla/5.0 (Windows NT 10.0; Win64; x64) AppleWebKit/537.36 (KHTML, like Gecko) Chrome/146.0.0.0 Safari/537.36[0m
[32m[Proc-0] 04:35:03 - INFO     - [BrowserPool] Contexto guardado no pool para direct[0m
[32m[Proc-0] 04:35:03 - INFO     - [Playwright] \U0001f47b GhostMode Ativado: ANGLE (Intel, Intel(R) UHD Graphics 620 Direct3D11 vs_5_0 ps_5_0, D3D11) | CPU=12c RAM=8GB platform=Win32 [workstation][0m
[32m[Proc-0] 04:35:03 - INFO     - [Playwright] Visiting main page to establish session cookies...[0m
[33m[Proc-0] 04:36:03 - WARNING  - [Playwright] Main page visit failed (non-critical): Page.goto: Timeout 60000ms exceeded.
Call log:
  - navigating to "https://pedidodevistos.mne.gov.pt/VistosOnline/", waiting until "domcontentloaded"
[0m
[32m[Proc-0] 04:36:04 - INFO     - [Playwright] Aguardando cookies de sessăo (_USER_CONSENT PoW)... require_consent=True, budget_sec=45[0m
[32m[Proc-0] 04:36:04 - INFO     - [Playwright] Aguardando cookies... (0.0s) — session=True, consent_pow=False[0m
[32m[Proc-0] 04:36:13 - INFO     - [Playwright] Aguardando cookies... (8.0s) — session=True, consent_pow=False[0m
[32m[Proc-0] 04:36:21 - INFO     - [Playwright] Aguardando cookies... (16.0s) — session=True, consent_pow=False[0m
[32m[Proc-0] 04:36:24 - INFO     - [Playwright] \u2705 Cookies prontos (com PoW _USER_CONSENT): 2 cookies (['cookiesession1', '_USER_CONSENT'])[0m
[32m[Proc-0] 04:36:24 - INFO     - [Playwright] Navigating to login page: https://pedidodevistos.mne.gov.pt/VistosOnline/Authentication.jsp?language=PT[0m
[32m[Proc-0] 04:36:24 - INFO     - [Playwright] Navegando para login (Tentativa 1/3) - MODO TURBO...[0m
[32m[Proc-0] 04:36:25 - INFO     - [Playwright] \u2705 Página de login pronta![0m
[32m[Proc-0] 04:36:25 - INFO     - [Playwright] Current page URL: https://pedidodevistos.mne.gov.pt/VistosOnline/Authentication.jsp?language=PT (navigation took 0.87s)[0m
[32m[Proc-0] 04:36:25 - INFO     - [Playwright] Captured 3 cookies from initial page load[0m
[32m[Proc-0] 04:36:25 - INFO     - [Playwright] Checking if reCAPTCHA widget is present on authentication page...[0m
[32m[Proc-0] 04:36:25 - INFO     - [Pipeline] \u2705 CAPTCHA detectado — preenchendo formulario antes do solver...[0m
[32m[Proc-0] 04:36:27 - INFO     - [Pipeline] Form fill a correr em paralelo com CAPTCHA solver...[0m
[32m[Proc-0] 04:36:30 - INFO     - [Pipeline] \u2705 Form fill concluído em 3.00s[0m
[32m[Proc-0] 04:36:30 - INFO     - [Pipeline] \u2705 Form fill concluído em 4.85s; aguardando readiness do reCAPTCHA antes do solver.[0m
[32m[Proc-0] 04:36:30 - INFO     - [Playwright] Form filling took 3.00s[0m
[32m[Proc-0] 04:36:30 - INFO     - [Playwright] Short settle after form interaction...[0m
[32m[Proc-0] 04:36:30 - INFO     - [Playwright] Waiting for reCAPTCHA widget...[0m
[32m[Proc-0] 04:36:30 - INFO     - [Playwright] \u2705 reCAPTCHA widget ready[0m
[32m[Proc-0] 04:36:30 - INFO     - [Playwright] Widget check 1/5: grecaptcha=True, iframe=True[0m
[32m[Proc-0] 04:36:30 - INFO     - [Playwright] Widget check attempt 1/5: grecaptcha=True, function=False, iframe=True, found=True[0m
[32m[Proc-0] 04:36:30 - INFO     - [Playwright] \u2705 reCAPTCHA widget detected and ready! (Widget ID: 0, iframes: 2)[0m
[32m[Proc-0] 04:36:31 - INFO     - [Playwright] Site key: 6LdOB9crAAAAADT4RFru...[0m
[32m[Proc-0] 04:36:31 - INFO     - [Playwright] CAPTCHA widget detected but solving not started yet, starting now...[0m
[32m[Proc-0] 04:36:31 - INFO     - [Playwright] Waiting for CAPTCHA solving to complete...[0m
[32m[Proc-0] 04:36:31 - INFO     - [Captcha] websiteURL para task: https://pedidodevistos.mne.gov.pt/VistosOnline/Authentication.jsp?language=PT[0m
[32m[Proc-0] 04:36:31 - INFO     - [Captcha] enterprise pageAction para task: LOGIN_EVISA[0m
[32m[Proc-0] 04:36:31 - INFO     - [Captcha] Step 1/2: Race (anti-captcha, 2captcha, capmonster, capsolver) em paralelo...[0m
[32m[Proc-0] 04:36:31 - INFO     - [CaptchaBalance] before anti-captcha: $5.7599[0m
[32m[Proc-0] 04:36:31 - INFO     - [CaptchaBalance] before 2captcha: $18.0736[0m
[32m[Proc-0] 04:36:32 - INFO     - [CaptchaBalance] before capmonster: $18.6862[0m
[32m[Proc-0] 04:36:32 - INFO     - [CaptchaBalance] before capsolver: $15.1268[0m
[32m[Proc-0] 04:36:39 - INFO     - [Captcha] \u2705 Solved: capsolver (WINNER dual-service)[0m
[32m[Proc-0] 04:36:39 - INFO     - [CaptchaBalance] after capsolver: $15.1268 (delta=+0.0000)[0m
[32m[Proc-0] 04:36:39 - INFO     - [Playwright] CAPTCHA token received (2553 chars)[0m
[32m[Proc-0] 04:36:39 - INFO     - [Playwright] \u2705 CAPTCHA solver devolveu token em 8.8s (idade ao receber=0.0s, elapsed total desde início do login=98.5s) — injecting token...[0m
[32m[Proc-0] 04:36:39 - INFO     - [Playwright] Verifying grecaptcha is available before token injection...[0m
[32m[Proc-0] 04:36:39 - INFO     - [Playwright] grecaptcha verified, ready for injection[0m
[32m[Proc-0] 04:36:39 - INFO     - [Playwright] captchaWidget após solver: fonte=default_0_grecaptcha_ready; id=0. (Isto apenas alinha JS com o POST; erro de servidor continua visível nos logs/error se o /login falhar.)[0m
[32m[Proc-0] 04:36:39 - INFO     - [Playwright] Injecting solved CAPTCHA token...[0m
[32m[Proc-0] 04:36:39 - INFO     - [Playwright] CAPTCHA token injected (length: 2553) (injection took 0.03s)[0m
[32m[Proc-0] 04:36:39 - INFO     - [Playwright] CAPTCHA token ready; attempted visual checkmark sync: mark_ok=True[0m
[32m[Proc-0] 04:36:40 - INFO     - [Playwright] \u2705 CAPTCHA completion state ready before submit: token_len=2553 frame_checked=True container_checked=True[0m
[32m[Proc-0] 04:36:40 - INFO     - [Playwright] CAPTCHA completion gate passed: {'token_length': 2553, 'textarea_length': 2553, 'container_checked': True, 'captcha_error_visible': False, 'iframe_count': 2, 'frame_checked': True, 'frame_seen': True, 'mark_attempted': True, 'mark_ok': False}[0m
[32m[Proc-0] 04:36:40 - INFO     - [Playwright] Time since CAPTCHA received: 0.62s[0m
[32m[Proc-0] 04:36:40 - INFO     - [Playwright] Total time so far: 99.1s, CAPTCHA-to-submit: 0.6s[0m
[32m[Proc-0] 04:36:40 - INFO     - [Playwright] Interceptaçăo do POST /login configurada abaixo (log ou override de headers)[0m
[32m[Proc-0] 04:36:40 - INFO     - [Playwright] Fast pre-submit readiness check...[0m
[32m[Proc-0] 04:36:40 - INFO     - [Playwright] Fast pre-submit: user_ok=True pass_ok=True captcha_len=2553 src=enterprise jquery=True button_visible=True button_enabled=True[0m
[32m[Proc-0] 04:36:40 - INFO     - [Playwright] Immediate submit path armed — avoiding legacy re-check loops.[0m
[32m[Proc-0] 04:36:40 - INFO     - [Playwright] Injecting hook to capture login AJAX response...[0m
[32m[Proc-0] 04:36:40 - INFO     - [Playwright] POST /login — headers nativos (login_post_header_override=OFF)[0m
[32m[Proc-0] 04:36:40 - INFO     - [Playwright] [submit-count] Click #1/2 no botăo de login (modo retentativa se MNE devolver erro genérico).[0m
[32m[Proc-0] 04:36:40 - INFO     - [Playwright] [submit-count] POST /login #1 capturado pela rede (esperado: exactamente 1).[0m
[32m[Proc-0] 04:36:40 - INFO     - [Playwright] Login request captured: https://pedidodevistos.mne.gov.pt/VistosOnline/login (POST)[0m
[32m[Proc-0] 04:36:40 - INFO     - [BrowserPOSTAudit] fields={'username': {'present': True, 'len': 8, 'sha16': 'f749c340891c2387'}, 'password': {'present': True, 'len': 18, 'sha16': 'cd819944871a59f2'}, 'captchaResponse': {'present': True, 'len': 2553, 'sha16': '6d4c41a4c3ebc4c3'}, 'language': {'present': True, 'len': 2, 'sha16': '169b032adf2ab80f'}, 'rgpd': {'present': True, 'len': 1, 'sha16': '18f5384d58bcb1bb'}}[0m
[32m[Proc-0] 04:36:40 - INFO     - [BrowserPOSTAudit] headers={'content_type': 'application/x-www-form-urlencoded; charset=UTF-8', 'origin': 'https://pedidodevistos.mne.gov.pt', 'referer': 'https://pedidodevistos.mne.gov.pt/VistosOnline/Authentication.jsp?language=PT', 'x_requested_with': 'XMLHttpRequest', 'sec_fetch_site': '', 'cookie_has_vistos_sid': True, 'cookie_has_cookiesession1': True}[0m
[32m[Proc-0] 04:36:40 - INFO     - [BrowserPOSTAudit] expected_match: user=True pass_len=True captcha_len=2553[0m
[32m[Proc-0] 04:36:40 - INFO     - [Playwright] Login POST: 2636 chars, captcha len=2553[0m
[32m[Proc-0] 04:36:40 - INFO     - [Playwright] Login POST fields: user_ok=True pass_len_ok=True language=PT rgpd=Y[0m
[32m[Proc-0] 04:36:40 - INFO     - [Playwright] [submit-count] Click #1 concluído. Aguardando POST /login na rede...[0m
[32m[Proc-0] 04:36:43 - INFO     - [Playwright] Login response: status=200, URL=https://pedidodevistos.mne.gov.pt/VistosOnline/login[0m
[32m[Proc-0] 04:36:43 - INFO     - [Playwright] Login response seen; waiting for AJAX body capture before deciding success/failure.[0m
[32m[Proc-0] 04:36:43 - INFO     - [Playwright] \u2705 Resposta AJAX Capturada: Status 200[0m
[32m[Proc-0] 04:36:43 - INFO     - [Playwright] \U0001f4cb Resposta do servidor (JSON): {'type': 'error', 'description': 'Foi encontrado um erro ao executar a operaçăo.'}[0m
[33m[Proc-0] 04:36:43 - WARNING  - [Playwright] MNE devolveu erro genérico de operaçăo (HTTP 200) — pode ser sobrecarga/back-end. Novo POST /login com o MESMO token CAPTCHA após backoff (tentativa_extra 1/1; sem novo solve).[0m
[32m[Proc-0] 04:36:43 - INFO     - [Playwright] O mesmo texto de erro pode aparecer quando o token reCAPTCHA expira ou o verify falha no MNE/Google; năo pressupor só sobrecarga. Com login por CapMonster (proxyless) o solver năo usa o exit SOAX do browser — avalie `login_transient_mne_error_retries` se respostas /ch/ surgirem após estas retentativas rápidas.[0m
[32m[Proc-0] 04:36:59 - INFO     - [Playwright] [submit-count] Click #2/2 no botăo de login (modo retentativa se MNE devolver erro genérico).[0m
[32m[Proc-0] 04:36:59 - INFO     - [Playwright] [submit-count] POST /login #2 (retentativa MNE erro genérico / instabilidade; esperado).[0m
[32m[Proc-0] 04:36:59 - INFO     - [Playwright] Login POST: 2636 chars, captcha len=2553[0m
[32m[Proc-0] 04:36:59 - INFO     - [Playwright] Login POST fields: user_ok=True pass_len_ok=True language=PT rgpd=Y[0m
[32m[Proc-0] 04:36:59 - INFO     - [Playwright] [submit-count] Click #2 concluído. Aguardando POST /login na rede...[0m
[32m[Proc-0] 04:37:02 - INFO     - [Playwright] Login response: status=200, URL=https://pedidodevistos.mne.gov.pt/VistosOnline/login[0m
[32m[Proc-0] 04:37:02 - INFO     - [Playwright] Login response seen; waiting for AJAX body capture before deciding success/failure.[0m
[32m[Proc-0] 04:37:02 - INFO     - [Playwright] \u2705 Resposta AJAX Capturada: Status 200[0m
[32m[Proc-0] 04:37:02 - INFO     - [Playwright] \U0001f4cb Resposta do servidor (JSON): {'type': 'error', 'description': 'Foi encontrado um erro ao executar a operaçăo.'}[0m
[31m[Proc-0] 04:37:02 - ERROR    - [Playwright] \u274c SERVIDOR REJEITOU: http=200 tipo=error, desc=Foi encontrado um erro ao executar a operaçăo.[0m
[33m[Proc-0] 04:37:02 - WARNING  - [BrowserCapture] local_debug_artifacts=false; skip artifact capture (reason=login_rejected_server, url=https://pedidodevistos.mne.gov.pt/VistosOnline/Authentication.jsp?language=PT)[0m
[31m[Proc-0] 04:37:02 - ERROR    - [Playwright Internal] Erro critico: Login Rejeitado pelo Site: error - Foi encontrado um erro ao executar a operaçăo.[0m
[32m[Proc-0] 04:37:02 - INFO     - [BrowserCapture] Skip critical_playwright — login já registado (RuntimeError)[0m
[32m[Proc-0] 04:37:03 - INFO     - [BrowserPool] Contexto invalidado para direct[0m
[31m[Proc-0] 04:37:03 - ERROR    - [Process-0] \u274c Excecao para gilso111: Login Rejeitado pelo Site: error - Foi encontrado um erro ao executar a operaçăo.[0m
[33m[Proc-0] 04:37:03 - WARNING  - [Process-0] gilso111 rejeitado pelo servidor; pausando em failed_retry_later ate ajuste manual.[0m
[32m[Proc-0] 04:37:03 - INFO     - [CSV Update] Updated gilso111 -> 'failed_retry_later'[0m
[32m[Proc-0] 04:37:03 - INFO     - [Process-0] \U0001f513 Proxy libertado: gilso111 (status=failed_retry_later)[0m
[32m[Proc-0] 04:37:03 - INFO     - [Process-0] \u2705 Task finalizada: gilso111 (0/1 slots ocupados)[0m
