[32m[Proc-0] 04:54:20 - INFO     - Iniciando Scraper com Dynamic Work Queue em: C:\Users\Administrator\Desktop\New folder\clean_bot\new_bot[0m
[32m[Proc-0] 04:54:20 - INFO     - Iniciando Scraper com Dynamic Work Queue em: C:\Users\Administrator\Desktop\New folder\clean_bot\new_bot[0m
[33m[Proc-0] 04:54:21 - WARNING  - use_proxy=false — tráfego DIRECTO (allow_direct_traffic=true). Risco elevado para o IP.[0m
[32m[Proc-0] 04:54:21 - INFO     - \U0001f4cb 9 utilizadores carregados do CSV.[0m
[32m[Proc-0] 04:54:21 - INFO     - \U0001f4ca CSV status summary: queue_elegiveis=1 | false=1 | pending=0 | empty=0 | failed_retry_later=3 | processing=0 | banned_403=0 | recaptcha_quota=0 | blocked_site=0 | success=0 | true=5 | credential_recovery_required=0[0m
[32m[Proc-0] 04:54:21 - INFO     - Redis desativado; usando queue in-memory[0m
[32m[Proc-0] 04:54:21 - INFO     - \U0001f4e5 1 users adicionados a Work Queue. [WQ] 1 users pendentes na queue[0m
[32m[Proc-0] 04:54:21 - INFO     - \u2699\ufe0f Workers: 1 (cpu=12, users_pendentes=1, max_cfg=1)[0m
[32m[Proc-0] 04:54:21 - INFO     - \U0001f50c Proxy chunks: [1] (1 alocados para chunking, 1 na config)[0m
[32m[Proc-0] 04:54:21 - INFO     - [OK] 1 workers iniciados em modo Dynamic Work Queue.[0m
[32m[Proc-0] 04:54:23 - INFO     - [Process-0] Sem Redis: 1 utilizadores pendentes carregados do CSV para fila local.[0m
[32m[Proc-0] 04:54:23 - INFO     - [Process-0] \U0001f3c3 Worker loop iniciado (concurrency=1)[0m
[32m[Proc-0] 04:54:23 - INFO     - [Process-0] \u25b6\ufe0f Task iniciada: gilso111 (1/1 slots ocupados)[0m
[32m[Proc-0] 04:54:23 - INFO     - [CSV Update] Updated gilso111 -> 'processing'[0m
[32m[Proc-0] 04:54:23 - INFO     - [Process-0] \U0001f504 Claimed: gilso111[0m
[32m[Proc-0] 04:54:25 - INFO     - [Login] Attempt 1/5 (Using Key Index 0, Process ID 0, mne_503_retries=0/4)[0m
[32m[Proc-0] 04:54:25 - INFO     - [Session] Tráfego direto (use_proxy=false) — httpx sem proxy[0m
[32m[Proc-0] 04:54:26 - INFO     - \U0001f4b0 Saldo anti-captcha: $5.7549[0m
[32m[Proc-0] 04:54:26 - INFO     - \U0001f4b0 Saldo 2captcha: $18.0708[0m
[32m[Proc-0] 04:54:26 - INFO     - \U0001f4b0 Saldo capmonster: $18.6852[0m
[32m[Proc-0] 04:54:27 - INFO     - \U0001f4b0 Saldo capsolver: $15.1258[0m
[32m[Proc-0] 04:54:27 - INFO     - [Login] Attempting login via playwright (retries remaining: 1, proxy: __DIRECT__)...[0m
[32m[Proc-0] 04:54:27 - INFO     - [Playwright] Initializing browser (Ghost Mode Activated)...[0m
[32m[Proc-0] 04:54:28 - INFO     - [TLSClient] Preflight: status=200 cookies=['cookiesession1'][0m
[32m[Proc-0] 04:54:28 - INFO     - [Playwright] Launching REAL Chrome/Edge browser...[0m
[32m[Proc-0] 04:54:28 - INFO     - [Playwright] \u2705 Navegador iniciado: chrome[0m
[32m[Proc-0] 04:54:28 - INFO     - [TLSClient] Cookie injection disabled; Playwright will establish its own session cookies on the browser proxy connection.[0m
[32m[Proc-0] 04:54:28 - INFO     - [TLSClient] \u2705 stealth_context criado[0m
[32m[Proc-0] 04:54:28 - INFO     - [Playwright] User-Agent Real em uso: Mozilla/5.0 (Windows NT 10.0; Win64; x64) AppleWebKit/537.36 (KHTML, like Gecko) Chrome/146.0.0.0 Safari/537.36[0m
[32m[Proc-0] 04:54:28 - INFO     - [BrowserPool] Contexto guardado no pool para direct[0m
[32m[Proc-0] 04:54:28 - INFO     - [Playwright] \U0001f47b GhostMode Ativado: ANGLE (NVIDIA, NVIDIA GeForce GTX 1660 SUPER Direct3D11 vs_5_0 ps_5_0, D3D11) | CPU=16c RAM=8GB platform=Win32 [workstation-hi][0m
[32m[Proc-0] 04:54:28 - INFO     - [Playwright] Visiting main page to establish session cookies...[0m
[32m[Proc-0] 04:54:38 - INFO     - [Playwright] Main page loaded (status: 200)[0m
[32m[Proc-0] 04:54:38 - INFO     - [Playwright] Aguardando cookies de sessăo (_USER_CONSENT PoW)... require_consent=True, budget_sec=45[0m
[32m[Proc-0] 04:54:38 - INFO     - [Playwright] Aguardando cookies... (0.0s) — session=True, consent_pow=False[0m
[32m[Proc-0] 04:54:39 - INFO     - [Playwright] \u2705 Cookies prontos (com PoW _USER_CONSENT): 2 cookies (['cookiesession1', '_USER_CONSENT'])[0m
[32m[Proc-0] 04:54:39 - INFO     - [Playwright] Navigating to login page: https://pedidodevistos.mne.gov.pt/VistosOnline/Authentication.jsp?language=PT[0m
[32m[Proc-0] 04:54:39 - INFO     - [Playwright] Navegando para login (Tentativa 1/3) - MODO TURBO...[0m
[32m[Proc-0] 04:54:40 - INFO     - [Playwright] \u2705 Página de login pronta![0m
[32m[Proc-0] 04:54:40 - INFO     - [Playwright] Current page URL: https://pedidodevistos.mne.gov.pt/VistosOnline/Authentication.jsp?language=PT (navigation took 0.81s)[0m
[32m[Proc-0] 04:54:40 - INFO     - [Playwright] Captured 3 cookies from initial page load[0m
[32m[Proc-0] 04:54:40 - INFO     - [Playwright] Checking if reCAPTCHA widget is present on authentication page...[0m
[32m[Proc-0] 04:54:40 - INFO     - [Pipeline] \u2705 CAPTCHA detectado — preenchendo formulario antes do solver...[0m
[32m[Proc-0] 04:54:41 - INFO     - [Pipeline] Form fill a correr em paralelo com CAPTCHA solver...[0m
[32m[Proc-0] 04:54:44 - INFO     - [Pipeline] \u2705 Form fill concluído em 3.30s[0m
[32m[Proc-0] 04:54:44 - INFO     - [Pipeline] \u2705 Form fill concluído em 4.81s; aguardando readiness do reCAPTCHA antes do solver.[0m
[32m[Proc-0] 04:54:44 - INFO     - [Playwright] Form filling took 3.30s[0m
[32m[Proc-0] 04:54:44 - INFO     - [Playwright] Short settle after form interaction...[0m
[32m[Proc-0] 04:54:44 - INFO     - [Playwright] Waiting for reCAPTCHA widget...[0m
[32m[Proc-0] 04:54:44 - INFO     - [Playwright] \u2705 reCAPTCHA widget ready[0m
[32m[Proc-0] 04:54:44 - INFO     - [Playwright] Widget check 1/5: grecaptcha=True, iframe=True[0m
[32m[Proc-0] 04:54:44 - INFO     - [Playwright] Widget check attempt 1/5: grecaptcha=True, function=False, iframe=True, found=True[0m
[32m[Proc-0] 04:54:44 - INFO     - [Playwright] \u2705 reCAPTCHA widget detected and ready! (Widget ID: 0, iframes: 2)[0m
[32m[Proc-0] 04:54:45 - INFO     - [Playwright] Site key: 6LdOB9crAAAAADT4RFru...[0m
[32m[Proc-0] 04:54:45 - INFO     - [Playwright] CAPTCHA widget detected but solving not started yet, starting now...[0m
[32m[Proc-0] 04:54:45 - INFO     - [Playwright] Waiting for CAPTCHA solving to complete...[0m
[32m[Proc-0] 04:54:45 - INFO     - [Captcha] websiteURL para task: https://pedidodevistos.mne.gov.pt/VistosOnline/Authentication.jsp?language=PT[0m
[32m[Proc-0] 04:54:45 - INFO     - [Captcha] enterprise pageAction para task: LOGIN_EVISA[0m
[32m[Proc-0] 04:54:45 - INFO     - [Captcha] Step 1/2: Race (anti-captcha, 2captcha, capmonster, capsolver) em paralelo...[0m
[32m[Proc-0] 04:54:45 - INFO     - [CaptchaBalance] before anti-captcha: $5.7549[0m
[32m[Proc-0] 04:54:46 - INFO     - [CaptchaBalance] before 2captcha: $18.0708[0m
[32m[Proc-0] 04:54:46 - INFO     - [CaptchaBalance] before capmonster: $18.6852[0m
[32m[Proc-0] 04:54:46 - INFO     - [CaptchaBalance] before capsolver: $15.1258[0m
[32m[Proc-0] 04:54:53 - INFO     - [Captcha] \u2705 Solved: capsolver (WINNER dual-service)[0m
[32m[Proc-0] 04:54:53 - INFO     - [CaptchaBalance] after capsolver: $15.1258 (delta=+0.0000)[0m
[32m[Proc-0] 04:54:53 - INFO     - [Playwright] CAPTCHA token received (2468 chars)[0m
[32m[Proc-0] 04:54:53 - INFO     - [Playwright] \u2705 CAPTCHA solver devolveu token em 8.1s (idade ao receber=0.0s, elapsed total desde início do login=26.3s) — injecting token...[0m
[32m[Proc-0] 04:54:53 - INFO     - [Playwright] Verifying grecaptcha is available before token injection...[0m
[32m[Proc-0] 04:54:53 - INFO     - [Playwright] grecaptcha verified, ready for injection[0m
[32m[Proc-0] 04:54:53 - INFO     - [Playwright] captchaWidget após solver: fonte=default_0_grecaptcha_ready; id=0. (Isto apenas alinha JS com o POST; erro de servidor continua visível nos logs/error se o /login falhar.)[0m
[32m[Proc-0] 04:54:53 - INFO     - [Playwright] Injecting solved CAPTCHA token...[0m
[32m[Proc-0] 04:54:53 - INFO     - [Playwright] CAPTCHA token injected (length: 2468) (injection took 0.05s)[0m
[32m[Proc-0] 04:54:53 - INFO     - [Playwright] CAPTCHA token ready; attempted visual checkmark sync: mark_ok=True[0m
[32m[Proc-0] 04:54:54 - INFO     - [Playwright] \u2705 CAPTCHA completion state ready before submit: token_len=2468 frame_checked=True container_checked=True[0m
[32m[Proc-0] 04:54:54 - INFO     - [Playwright] CAPTCHA completion gate passed: {'token_length': 2468, 'textarea_length': 2468, 'container_checked': True, 'captcha_error_visible': False, 'iframe_count': 2, 'frame_checked': True, 'frame_seen': True, 'mark_attempted': True, 'mark_ok': False}[0m
[32m[Proc-0] 04:54:54 - INFO     - [Playwright] Time since CAPTCHA received: 0.60s[0m
[32m[Proc-0] 04:54:54 - INFO     - [Playwright] Total time so far: 26.9s, CAPTCHA-to-submit: 0.6s[0m
[32m[Proc-0] 04:54:54 - INFO     - [Playwright] Interceptaçăo do POST /login configurada abaixo (log ou override de headers)[0m
[32m[Proc-0] 04:54:54 - INFO     - [Playwright] Fast pre-submit readiness check...[0m
[32m[Proc-0] 04:54:54 - INFO     - [Playwright] Fast pre-submit: user_ok=True pass_ok=True captcha_len=2468 src=enterprise jquery=True button_visible=True button_enabled=True[0m
[32m[Proc-0] 04:54:54 - INFO     - [Playwright] Immediate submit path armed — avoiding legacy re-check loops.[0m
[32m[Proc-0] 04:54:54 - INFO     - [Playwright] Injecting hook to capture login AJAX response...[0m
[32m[Proc-0] 04:54:54 - INFO     - [Playwright] POST /login — headers nativos (login_post_header_override=OFF)[0m
[32m[Proc-0] 04:54:54 - INFO     - [Playwright] [submit-count] Click #1/2 no botăo de login (modo retentativa se MNE devolver erro genérico).[0m
[32m[Proc-0] 04:54:54 - INFO     - [Playwright] [submit-count] POST /login #1 capturado pela rede (esperado: exactamente 1).[0m
[32m[Proc-0] 04:54:54 - INFO     - [Playwright] Login request captured: https://pedidodevistos.mne.gov.pt/VistosOnline/login (POST)[0m
[32m[Proc-0] 04:54:54 - INFO     - [BrowserPOSTAudit] fields={'username': {'present': True, 'len': 8, 'sha16': 'f749c340891c2387'}, 'password': {'present': True, 'len': 18, 'sha16': 'cd819944871a59f2'}, 'captchaResponse': {'present': True, 'len': 2468, 'sha16': '46bccd3eff97f87d'}, 'language': {'present': True, 'len': 2, 'sha16': '169b032adf2ab80f'}, 'rgpd': {'present': True, 'len': 1, 'sha16': '18f5384d58bcb1bb'}}[0m
[32m[Proc-0] 04:54:54 - INFO     - [BrowserPOSTAudit] headers={'content_type': 'application/x-www-form-urlencoded; charset=UTF-8', 'origin': 'https://pedidodevistos.mne.gov.pt', 'referer': 'https://pedidodevistos.mne.gov.pt/VistosOnline/Authentication.jsp?language=PT', 'x_requested_with': 'XMLHttpRequest', 'sec_fetch_site': '', 'cookie_has_vistos_sid': True, 'cookie_has_cookiesession1': True}[0m
[32m[Proc-0] 04:54:54 - INFO     - [BrowserPOSTAudit] expected_match: user=True pass_len=True captcha_len=2468[0m
[32m[Proc-0] 04:54:54 - INFO     - [Playwright] Login POST: 2551 chars, captcha len=2468[0m
[32m[Proc-0] 04:54:54 - INFO     - [Playwright] Login POST fields: user_ok=True pass_len_ok=True language=PT rgpd=Y[0m
[32m[Proc-0] 04:54:54 - INFO     - [Playwright] [submit-count] Click #1 concluído. Aguardando POST /login na rede...[0m
[32m[Proc-0] 04:54:57 - INFO     - [Playwright] Login response: status=200, URL=https://pedidodevistos.mne.gov.pt/VistosOnline/login[0m
[32m[Proc-0] 04:54:57 - INFO     - [Playwright] Login response seen; waiting for AJAX body capture before deciding success/failure.[0m
[32m[Proc-0] 04:54:57 - INFO     - [AntibotDiagnostic] {"diag_version": 1, "scope": "POST /VistosOnline/login XHR/adjacent", "username_for_correlation_only": "gilso111", "ajax_submit_click_index": 1, "response_url": "https://pedidodevistos.mne.gov.pt/VistosOnline/login", "http_status": 200, "request_method_observed": "POST", "request_url_truncated": "https://pedidodevistos.mne.gov.pt/VistosOnline/login", "request_content_type": "application/x-www-form-urlencoded; charset=UTF-8", "cookies_set_names_hint_truncated": "", "set_cookie_substring_signals_no_values": [], "normalized_headers_truncated_sample": {"content-length": "83", "date": "Sun, 03 May 2026 04:54:57 GMT", "content-type": "application/octet-stream, application/x-www-form-urlencoded; charset=UTF-8", "connection": "keep-alive"}, "body_antibot_classification": "application_json_login_rejection_or_recaptcha_gate", "body_classification_hints": ["Resposta é JSON válido gerado pela aplicaçăo VistosOnline (AJAX doLogin / camada servlet), năo pelo HTML `/ch/` de gate.", "'Foi encontrado um erro ao executar a operaçăo.' costuma aparecer quando o verify Google/MNE falha ou o token năo é aceite como válido nesta sessăo (inclui token expirado), năo apenas bloqueio de proxy ao nível TLS."], "html_challenge_markers": {"body_chars": 81, "explicit_bd_js": false, "ch_paths_found": [], "title_guess": "", "robots_meta": ""}, "network_edge_inferences_precise_language": [], "edge_header_evidence": [], "explicit_summary_sentence": "Se é `application_json_login_rejection_or_recaptcha_gate`, a antibot/perímetro passou até ao servlet AJAX; falha já na decisăo aplicacional/Google verify."}[0m
[32m[Proc-0] 04:54:57 - INFO     - [Playwright] \u2705 Resposta AJAX Capturada: Status 200[0m
[32m[Proc-0] 04:54:57 - INFO     - [Playwright] \U0001f4cb Resposta do servidor (JSON): {'type': 'error', 'description': 'Foi encontrado um erro ao executar a operaçăo.'}[0m
[33m[Proc-0] 04:54:57 - WARNING  - [Playwright] MNE devolveu erro genérico de operaçăo (HTTP 200) — pode ser sobrecarga/back-end. Novo POST /login com o MESMO token CAPTCHA após backoff (tentativa_extra 1/1; sem novo solve).[0m
[32m[Proc-0] 04:54:57 - INFO     - [Playwright] O mesmo texto de erro pode aparecer quando o token reCAPTCHA expira ou o verify falha no MNE/Google; năo pressupor só sobrecarga. Com login por CapMonster (proxyless) o solver năo usa o exit SOAX do browser — avalie `login_transient_mne_error_retries` se respostas /ch/ surgirem após estas retentativas rápidas.[0m
[32m[Proc-0] 04:55:09 - INFO     - [Playwright] [submit-count] Click #2/2 no botăo de login (modo retentativa se MNE devolver erro genérico).[0m
[32m[Proc-0] 04:55:09 - INFO     - [Playwright] [submit-count] POST /login #2 (retentativa MNE erro genérico / instabilidade; esperado).[0m
[32m[Proc-0] 04:55:09 - INFO     - [Playwright] Login POST: 2551 chars, captcha len=2468[0m
[32m[Proc-0] 04:55:09 - INFO     - [Playwright] Login POST fields: user_ok=True pass_len_ok=True language=PT rgpd=Y[0m
[32m[Proc-0] 04:55:09 - INFO     - [Playwright] [submit-count] Click #2 concluído. Aguardando POST /login na rede...[0m
[32m[Proc-0] 04:55:09 - INFO     - [Playwright] Login response: status=200, URL=https://pedidodevistos.mne.gov.pt/VistosOnline/login[0m
[32m[Proc-0] 04:55:09 - INFO     - [Playwright] Login response seen; waiting for AJAX body capture before deciding success/failure.[0m
[32m[Proc-0] 04:55:39 - INFO     - [AntibotDiagnostic] {"diag_version": 1, "scope": "POST /VistosOnline/login XHR/adjacent", "username_for_correlation_only": "gilso111", "ajax_submit_click_index": 2, "response_url": "https://pedidodevistos.mne.gov.pt/VistosOnline/login", "http_status": 200, "request_method_observed": "POST", "request_url_truncated": "https://pedidodevistos.mne.gov.pt/VistosOnline/login", "request_content_type": "application/x-www-form-urlencoded; charset=UTF-8", "cookies_set_names_hint_truncated": "", "set_cookie_substring_signals_no_values": [], "normalized_headers_truncated_sample": {"x-robots-tag": "noindex, nofollow", "cache-control": "no-store, no-cache, must-revalidate", "content-length": "44699", "date": "Sun, 03 May 2026 04:55:09 GMT", "pragma": "no-cache", "content-type": "text/html; charset=utf-8", "connection": "keep-alive"}, "body_antibot_classification": "perimeter_challenge_html_under_host_ch_star", "body_classification_hints": ["Resposta năo é JSON de login — é marcaçăo HTML minimalista com scripts hospedados no próprio pedidodevistos sob o path `/ch/*` (p.ex. bd.js). Isto opera no browser antes/adjacentemente ao JSON de login AJAX.", "Năo equivale ao JSON `type=error`. É um nível típico de gate anti-abuso/perímetro acoplado ŕ app (năo mostra apenas credenciais erradas)."], "html_challenge_markers": {"body_chars": 44699, "explicit_bd_js": true, "ch_paths_found": ["/ch/bd.js"], "title_guess": "", "robots_meta": "noindex,nofollow"}, "network_edge_inferences_precise_language": [], "edge_header_evidence": [], "explicit_summary_sentence": "Se `body_antibot_classification` começa por `perimeter_challenge_html_under_host_ch_star`, o primeiro gate é o pacote `/ch/bd.js` no host MNE antes do resultado JSON de utilizador."}[0m
[32m[Proc-0] 04:55:39 - INFO     - [Playwright] Desafio /ch/ na resposta; injeçăo antecipada (antes do await lr_fut no worker principal).[0m
[32m[Proc-0] 04:55:40 - INFO     - [Playwright] \u2705 Resposta AJAX Capturada: Status 200[0m
[32m[Proc-0] 04:55:40 - INFO     - [Playwright] \U0001f4cb Resposta do servidor (raw): <!DOCTYPE html>
<html>
<head>
<meta charset="UTF-8">
<meta name="robots" content="noindex,nofollow">
<style>
  body{margin:0;background:#fff}
</style>
</head>
<body>
<script src="/ch/bd.js"></script>
<script>
let HbcZ;!function(){const Q6SG=Array.prototype.slice.call(arguments);return eval("(functio[0m
[33m[Proc-0] 04:55:40 - WARNING  - [Playwright] POST /login devolveu HTML de desafio /ch/ (antibot/WAF). Ŕ espera até 72s do hook AJAX pelo JSON real de login...[0m
[33m[Proc-0] 04:55:40 - WARNING  - [Playwright] Desafio /ch/ após clique #2 no mesmo fluxo (retentativa MNE com o mesmo token CAPTCHA). O servidor pode escalar para antibot após vários POST /login rápidos; considere reduzir `login_transient_mne_error_retries` em config ou aumentar o backoff entre tentativas.[0m
[31m[Proc-0] 04:57:04 - ERROR    - [Playwright] \u274c Resposta /login foi desafio /ch/ mas năo apareceu JSON de login no hook — năo marcar sessăo válida.[0m
[33m[Proc-0] 04:57:04 - WARNING  - [BrowserCapture] local_debug_artifacts=false; skip artifact capture (reason=login_antibot_challenge, url=https://pedidodevistos.mne.gov.pt/VistosOnline/Authentication.jsp?language=PT)[0m
[33m[Proc-0] 04:57:04 - WARNING  - [Playwright Internal] Desafio MNE /ch/ no POST /login — BrowserPool preservado (o proxy năo deve ser tratado como túnel partido). Login challenge: servidor devolveu HTML /ch/bd.js no POST /login; sem JSON no hook após espera — credenciais năo completaram login.[0m
[32m[Proc-0] 04:57:04 - INFO     - [BrowserPool] Contexto liberado para direct[0m
[31m[Proc-0] 04:57:04 - ERROR    - [Login] Erro (mne_challenge): Login challenge: servidor devolveu HTML /ch/bd.js no POST /login; sem JSON no hook após espera — credenciais năo complet[0m
[32m[Proc-0] 04:57:04 - INFO     - [Login] gilso111: resposta POST /login com desafio /ch/ (antibot) — proxy năo penalizado; worker pode marcar falha recuperável.[0m
[33m[Proc-0] 04:57:04 - WARNING  - [main] gilso111: desafio antibot /ch/ no POST /login — pausa 12s e nova tentativa (sem rotaçăo de chave CAPTCHA). [1/1] Login challenge: servidor devolveu HTML /ch/bd.js no POST /login; sem JSON no hook após espera — credenciais năo complet[0m
[32m[Proc-0] 04:57:16 - INFO     - [Login] Attempt 2/5 (Using Key Index 0, Process ID 0, mne_503_retries=0/4)[0m
[32m[Proc-0] 04:57:16 - INFO     - [Session] Tráfego direto (use_proxy=false) — httpx sem proxy[0m
[32m[Proc-0] 04:57:16 - INFO     - \U0001f4b0 Saldo anti-captcha: $5.7549[0m
[32m[Proc-0] 04:57:17 - INFO     - \U0001f4b0 Saldo 2captcha: $18.0680[0m
[32m[Proc-0] 04:57:17 - INFO     - \U0001f4b0 Saldo capmonster: $18.6842[0m
[32m[Proc-0] 04:57:17 - INFO     - \U0001f4b0 Saldo capsolver: $15.1248[0m
[32m[Proc-0] 04:57:17 - INFO     - [Login] Attempting login via playwright (retries remaining: 1, proxy: __DIRECT__)...[0m
[32m[Proc-0] 04:57:18 - INFO     - [Playwright] Initializing browser (Ghost Mode Activated)...[0m
[33m[Proc-0] 04:57:18 - WARNING  - [BrowserPool] Contexto existente invalido: BrowserContext.clear_cookies: Target page, context or browser has been closed — criando novo[0m
[32m[Proc-0] 04:57:18 - INFO     - [TLSClient] Preflight: status=200 cookies=['cookiesession1'][0m
[32m[Proc-0] 04:57:18 - INFO     - [Playwright] Launching REAL Chrome/Edge browser...[0m
[32m[Proc-0] 04:57:19 - INFO     - [Playwright] \u2705 Navegador iniciado: chrome[0m
[32m[Proc-0] 04:57:19 - INFO     - [TLSClient] Cookie injection disabled; Playwright will establish its own session cookies on the browser proxy connection.[0m
[32m[Proc-0] 04:57:19 - INFO     - [TLSClient] \u2705 stealth_context criado[0m
[32m[Proc-0] 04:57:19 - INFO     - [Playwright] User-Agent Real em uso: Mozilla/5.0 (Windows NT 10.0; Win64; x64) AppleWebKit/537.36 (KHTML, like Gecko) Chrome/146.0.0.0 Safari/537.36[0m
[32m[Proc-0] 04:57:19 - INFO     - [BrowserPool] Contexto guardado no pool para direct[0m
[32m[Proc-0] 04:57:19 - INFO     - [Playwright] \U0001f47b GhostMode Ativado: Intel Iris OpenGL Engine | CPU=16c RAM=8GB platform=Win32 [workstation-hi][0m
[32m[Proc-0] 04:57:19 - INFO     - [Playwright] Visiting main page to establish session cookies...[0m
[32m[Proc-0] 04:57:20 - INFO     - [Playwright] Main page loaded (status: 200)[0m
[32m[Proc-0] 04:57:20 - INFO     - [Playwright] Aguardando cookies de sessăo (_USER_CONSENT PoW)... require_consent=True, budget_sec=45[0m
[32m[Proc-0] 04:57:20 - INFO     - [Playwright] Aguardando cookies... (0.0s) — session=True, consent_pow=False[0m
[32m[Proc-0] 04:57:20 - INFO     - [Playwright] \u2705 Cookies prontos (com PoW _USER_CONSENT): 2 cookies (['cookiesession1', '_USER_CONSENT'])[0m
[32m[Proc-0] 04:57:20 - INFO     - [Playwright] Navigating to login page: https://pedidodevistos.mne.gov.pt/VistosOnline/Authentication.jsp?language=PT[0m
[32m[Proc-0] 04:57:20 - INFO     - [Playwright] Navegando para login (Tentativa 1/3) - MODO TURBO...[0m
[32m[Proc-0] 04:57:21 - INFO     - [Playwright] \u2705 Página de login pronta![0m
[32m[Proc-0] 04:57:21 - INFO     - [Playwright] Current page URL: https://pedidodevistos.mne.gov.pt/VistosOnline/Authentication.jsp?language=PT (navigation took 0.82s)[0m
[32m[Proc-0] 04:57:21 - INFO     - [Playwright] Captured 3 cookies from initial page load[0m
[32m[Proc-0] 04:57:21 - INFO     - [Playwright] Checking if reCAPTCHA widget is present on authentication page...[0m
[32m[Proc-0] 04:57:21 - INFO     - [Pipeline] \u2705 CAPTCHA detectado — preenchendo formulario antes do solver...[0m
[32m[Proc-0] 04:57:22 - INFO     - [Pipeline] Form fill a correr em paralelo com CAPTCHA solver...[0m
[32m[Proc-0] 04:57:26 - INFO     - [Pipeline] \u2705 Form fill concluído em 3.93s[0m
[32m[Proc-0] 04:57:26 - INFO     - [Pipeline] \u2705 Form fill concluído em 5.46s; aguardando readiness do reCAPTCHA antes do solver.[0m
[32m[Proc-0] 04:57:26 - INFO     - [Playwright] Form filling took 3.93s[0m
[32m[Proc-0] 04:57:26 - INFO     - [Playwright] Short settle after form interaction...[0m
[32m[Proc-0] 04:57:26 - INFO     - [Playwright] Waiting for reCAPTCHA widget...[0m
[32m[Proc-0] 04:57:26 - INFO     - [Playwright] \u2705 reCAPTCHA widget ready[0m
[32m[Proc-0] 04:57:26 - INFO     - [Playwright] Widget check 1/5: grecaptcha=True, iframe=True[0m
[32m[Proc-0] 04:57:26 - INFO     - [Playwright] Widget check attempt 1/5: grecaptcha=True, function=False, iframe=True, found=True[0m
[32m[Proc-0] 04:57:26 - INFO     - [Playwright] \u2705 reCAPTCHA widget detected and ready! (Widget ID: 0, iframes: 2)[0m
[32m[Proc-0] 04:57:27 - INFO     - [Playwright] Site key: 6LdOB9crAAAAADT4RFru...[0m
[32m[Proc-0] 04:57:27 - INFO     - [Playwright] CAPTCHA widget detected but solving not started yet, starting now...[0m
[32m[Proc-0] 04:57:27 - INFO     - [Playwright] Waiting for CAPTCHA solving to complete...[0m
[32m[Proc-0] 04:57:27 - INFO     - [Captcha] websiteURL para task: https://pedidodevistos.mne.gov.pt/VistosOnline/Authentication.jsp?language=PT[0m
[32m[Proc-0] 04:57:27 - INFO     - [Captcha] enterprise pageAction para task: LOGIN_EVISA[0m
[32m[Proc-0] 04:57:27 - INFO     - [Captcha] \U0001f3af CAPTCHARouter: provider preferido = capsolver[0m
[32m[Proc-0] 04:57:27 - INFO     - [Captcha] Step 1/2: Race (capsolver, anti-captcha, 2captcha, capmonster) em paralelo...[0m
[32m[Proc-0] 04:57:27 - INFO     - [CaptchaBalance] before capsolver: $15.1248[0m
[32m[Proc-0] 04:57:28 - INFO     - [CaptchaBalance] before anti-captcha: $5.7549[0m
[32m[Proc-0] 04:57:28 - INFO     - [CaptchaBalance] before 2captcha: $18.0680[0m
[32m[Proc-0] 04:57:28 - INFO     - [CaptchaBalance] before capmonster: $18.6842[0m
[32m[Proc-0] 04:57:46 - INFO     - [Captcha] \u2705 Solved: capmonster (WINNER dual-service)[0m
[32m[Proc-0] 04:57:47 - INFO     - [CaptchaBalance] after capmonster: $18.6832 (delta=-0.0010)[0m
[32m[Proc-0] 04:57:47 - INFO     - [Playwright] CAPTCHA token received (2446 chars)[0m
[32m[Proc-0] 04:57:47 - INFO     - [Playwright] \u2705 CAPTCHA solver devolveu token em 19.8s (idade ao receber=0.0s, elapsed total desde início do login=29.5s) — injecting token...[0m
[32m[Proc-0] 04:57:47 - INFO     - [Playwright] Verifying grecaptcha is available before token injection...[0m
[32m[Proc-0] 04:57:47 - INFO     - [Playwright] grecaptcha verified, ready for injection[0m
[32m[Proc-0] 04:57:47 - INFO     - [Playwright] captchaWidget após solver: fonte=default_0_grecaptcha_ready; id=0. (Isto apenas alinha JS com o POST; erro de servidor continua visível nos logs/error se o /login falhar.)[0m
[32m[Proc-0] 04:57:47 - INFO     - [Playwright] Injecting solved CAPTCHA token...[0m
[32m[Proc-0] 04:57:47 - INFO     - [Playwright] CAPTCHA token injected (length: 2446) (injection took 0.04s)[0m
[32m[Proc-0] 04:57:47 - INFO     - [Playwright] CAPTCHA token ready; attempted visual checkmark sync: mark_ok=True[0m
[32m[Proc-0] 04:57:47 - INFO     - [Playwright] \u2705 CAPTCHA completion state ready before submit: token_len=2446 frame_checked=True container_checked=True[0m
[32m[Proc-0] 04:57:47 - INFO     - [Playwright] CAPTCHA completion gate passed: {'token_length': 2446, 'textarea_length': 2446, 'container_checked': True, 'captcha_error_visible': False, 'iframe_count': 2, 'frame_checked': True, 'frame_seen': True, 'mark_attempted': True, 'mark_ok': False}[0m
[32m[Proc-0] 04:57:47 - INFO     - [Playwright] Time since CAPTCHA received: 0.64s[0m
[32m[Proc-0] 04:57:47 - INFO     - [Playwright] Total time so far: 30.1s, CAPTCHA-to-submit: 0.6s[0m
[32m[Proc-0] 04:57:47 - INFO     - [Playwright] Interceptaçăo do POST /login configurada abaixo (log ou override de headers)[0m
[32m[Proc-0] 04:57:47 - INFO     - [Playwright] Fast pre-submit readiness check...[0m
[32m[Proc-0] 04:57:47 - INFO     - [Playwright] Fast pre-submit: user_ok=True pass_ok=True captcha_len=2446 src=enterprise jquery=True button_visible=True button_enabled=True[0m
[32m[Proc-0] 04:57:47 - INFO     - [Playwright] Immediate submit path armed — avoiding legacy re-check loops.[0m
[32m[Proc-0] 04:57:47 - INFO     - [Playwright] Injecting hook to capture login AJAX response...[0m
[32m[Proc-0] 04:57:47 - INFO     - [Playwright] POST /login — headers nativos (login_post_header_override=OFF)[0m
[32m[Proc-0] 04:57:47 - INFO     - [Playwright] [submit-count] Click #1/2 no botăo de login (modo retentativa se MNE devolver erro genérico).[0m
[32m[Proc-0] 04:57:48 - INFO     - [Playwright] [submit-count] POST /login #1 capturado pela rede (esperado: exactamente 1).[0m
[32m[Proc-0] 04:57:48 - INFO     - [Playwright] Login request captured: https://pedidodevistos.mne.gov.pt/VistosOnline/login (POST)[0m
[32m[Proc-0] 04:57:48 - INFO     - [BrowserPOSTAudit] fields={'username': {'present': True, 'len': 8, 'sha16': 'f749c340891c2387'}, 'password': {'present': True, 'len': 18, 'sha16': 'cd819944871a59f2'}, 'captchaResponse': {'present': True, 'len': 2446, 'sha16': '747438473497140c'}, 'language': {'present': True, 'len': 2, 'sha16': '169b032adf2ab80f'}, 'rgpd': {'present': True, 'len': 1, 'sha16': '18f5384d58bcb1bb'}}[0m
[32m[Proc-0] 04:57:48 - INFO     - [BrowserPOSTAudit] headers={'content_type': 'application/x-www-form-urlencoded; charset=UTF-8', 'origin': 'https://pedidodevistos.mne.gov.pt', 'referer': 'https://pedidodevistos.mne.gov.pt/VistosOnline/Authentication.jsp?language=PT', 'x_requested_with': 'XMLHttpRequest', 'sec_fetch_site': '', 'cookie_has_vistos_sid': True, 'cookie_has_cookiesession1': True}[0m
[32m[Proc-0] 04:57:48 - INFO     - [BrowserPOSTAudit] expected_match: user=True pass_len=True captcha_len=2446[0m
[32m[Proc-0] 04:57:48 - INFO     - [Playwright] Login POST: 2529 chars, captcha len=2446[0m
[32m[Proc-0] 04:57:48 - INFO     - [Playwright] Login POST fields: user_ok=True pass_len_ok=True language=PT rgpd=Y[0m
[32m[Proc-0] 04:57:48 - INFO     - [Playwright] [submit-count] Click #1 concluído. Aguardando POST /login na rede...[0m
[32m[Proc-0] 04:57:51 - INFO     - [Playwright] Login response: status=200, URL=https://pedidodevistos.mne.gov.pt/VistosOnline/login[0m
[32m[Proc-0] 04:57:51 - INFO     - [Playwright] Login response seen; waiting for AJAX body capture before deciding success/failure.[0m
[32m[Proc-0] 04:57:51 - INFO     - [AntibotDiagnostic] {"diag_version": 1, "scope": "POST /VistosOnline/login XHR/adjacent", "username_for_correlation_only": "gilso111", "ajax_submit_click_index": 1, "response_url": "https://pedidodevistos.mne.gov.pt/VistosOnline/login", "http_status": 200, "request_method_observed": "POST", "request_url_truncated": "https://pedidodevistos.mne.gov.pt/VistosOnline/login", "request_content_type": "application/x-www-form-urlencoded; charset=UTF-8", "cookies_set_names_hint_truncated": "", "set_cookie_substring_signals_no_values": [], "normalized_headers_truncated_sample": {"content-length": "83", "date": "Sun, 03 May 2026 04:57:51 GMT", "content-type": "application/octet-stream, application/x-www-form-urlencoded; charset=UTF-8", "connection": "keep-alive"}, "body_antibot_classification": "application_json_login_rejection_or_recaptcha_gate", "body_classification_hints": ["Resposta é JSON válido gerado pela aplicaçăo VistosOnline (AJAX doLogin / camada servlet), năo pelo HTML `/ch/` de gate.", "'Foi encontrado um erro ao executar a operaçăo.' costuma aparecer quando o verify Google/MNE falha ou o token năo é aceite como válido nesta sessăo (inclui token expirado), năo apenas bloqueio de proxy ao nível TLS."], "html_challenge_markers": {"body_chars": 81, "explicit_bd_js": false, "ch_paths_found": [], "title_guess": "", "robots_meta": ""}, "network_edge_inferences_precise_language": [], "edge_header_evidence": [], "explicit_summary_sentence": "Se é `application_json_login_rejection_or_recaptcha_gate`, a antibot/perímetro passou até ao servlet AJAX; falha já na decisăo aplicacional/Google verify."}[0m
[32m[Proc-0] 04:57:51 - INFO     - [Playwright] \u2705 Resposta AJAX Capturada: Status 200[0m
[32m[Proc-0] 04:57:51 - INFO     - [Playwright] \U0001f4cb Resposta do servidor (JSON): {'type': 'error', 'description': 'Foi encontrado um erro ao executar a operaçăo.'}[0m
[33m[Proc-0] 04:57:51 - WARNING  - [Playwright] MNE devolveu erro genérico de operaçăo (HTTP 200) — pode ser sobrecarga/back-end. Novo POST /login com o MESMO token CAPTCHA após backoff (tentativa_extra 1/1; sem novo solve).[0m
[32m[Proc-0] 04:57:51 - INFO     - [Playwright] O mesmo texto de erro pode aparecer quando o token reCAPTCHA expira ou o verify falha no MNE/Google; năo pressupor só sobrecarga. Com login por CapMonster (proxyless) o solver năo usa o exit SOAX do browser — avalie `login_transient_mne_error_retries` se respostas /ch/ surgirem após estas retentativas rápidas.[0m
[32m[Proc-0] 04:58:03 - INFO     - [Playwright] [submit-count] Click #2/2 no botăo de login (modo retentativa se MNE devolver erro genérico).[0m
[32m[Proc-0] 04:58:04 - INFO     - [Playwright] [submit-count] POST /login #2 (retentativa MNE erro genérico / instabilidade; esperado).[0m
[32m[Proc-0] 04:58:04 - INFO     - [Playwright] Login POST: 2529 chars, captcha len=2446[0m
[32m[Proc-0] 04:58:04 - INFO     - [Playwright] Login POST fields: user_ok=True pass_len_ok=True language=PT rgpd=Y[0m
[32m[Proc-0] 04:58:04 - INFO     - [Playwright] [submit-count] Click #2 concluído. Aguardando POST /login na rede...[0m
[32m[Proc-0] 04:58:04 - INFO     - [Playwright] Login response: status=200, URL=https://pedidodevistos.mne.gov.pt/VistosOnline/login[0m
[32m[Proc-0] 04:58:04 - INFO     - [Playwright] Login response seen; waiting for AJAX body capture before deciding success/failure.[0m
[32m[Proc-0] 04:58:11 - INFO     - [AntibotDiagnostic] {"diag_version": 1, "scope": "POST /VistosOnline/login XHR/adjacent", "username_for_correlation_only": "gilso111", "ajax_submit_click_index": 2, "response_url": "https://pedidodevistos.mne.gov.pt/VistosOnline/login", "http_status": 200, "request_method_observed": "POST", "request_url_truncated": "https://pedidodevistos.mne.gov.pt/VistosOnline/login", "request_content_type": "application/x-www-form-urlencoded; charset=UTF-8", "cookies_set_names_hint_truncated": "", "set_cookie_substring_signals_no_values": [], "normalized_headers_truncated_sample": {"x-robots-tag": "noindex, nofollow", "cache-control": "no-store, no-cache, must-revalidate", "content-length": "44699", "date": "Sun, 03 May 2026 04:58:04 GMT", "pragma": "no-cache", "content-type": "text/html; charset=utf-8", "connection": "keep-alive"}, "body_antibot_classification": "perimeter_challenge_html_under_host_ch_star", "body_classification_hints": ["Resposta năo é JSON de login — é marcaçăo HTML minimalista com scripts hospedados no próprio pedidodevistos sob o path `/ch/*` (p.ex. bd.js). Isto opera no browser antes/adjacentemente ao JSON de login AJAX.", "Năo equivale ao JSON `type=error`. É um nível típico de gate anti-abuso/perímetro acoplado ŕ app (năo mostra apenas credenciais erradas)."], "html_challenge_markers": {"body_chars": 44699, "explicit_bd_js": true, "ch_paths_found": ["/ch/bd.js"], "title_guess": "", "robots_meta": "noindex,nofollow"}, "network_edge_inferences_precise_language": [], "edge_header_evidence": [], "explicit_summary_sentence": "Se `body_antibot_classification` começa por `perimeter_challenge_html_under_host_ch_star`, o primeiro gate é o pacote `/ch/bd.js` no host MNE antes do resultado JSON de utilizador."}[0m
[32m[Proc-0] 04:58:11 - INFO     - [Playwright] Desafio /ch/ na resposta; injeçăo antecipada (antes do await lr_fut no worker principal).[0m
[32m[Proc-0] 04:58:12 - INFO     - [Playwright] \u2705 Resposta AJAX Capturada: Status 200[0m
[32m[Proc-0] 04:58:12 - INFO     - [Playwright] \U0001f4cb Resposta do servidor (raw): <!DOCTYPE html>
<html>
<head>
<meta charset="UTF-8">
<meta name="robots" content="noindex,nofollow">
<style>
  body{margin:0;background:#fff}
</style>
</head>
<body>
<script src="/ch/bd.js"></script>
<script>
let HbcZ;!function(){const Q6SG=Array.prototype.slice.call(arguments);return eval("(functio[0m
[33m[Proc-0] 04:58:12 - WARNING  - [Playwright] POST /login devolveu HTML de desafio /ch/ (antibot/WAF). Ŕ espera até 72s do hook AJAX pelo JSON real de login...[0m
[33m[Proc-0] 04:58:12 - WARNING  - [Playwright] Desafio /ch/ após clique #2 no mesmo fluxo (retentativa MNE com o mesmo token CAPTCHA). O servidor pode escalar para antibot após vários POST /login rápidos; considere reduzir `login_transient_mne_error_retries` em config ou aumentar o backoff entre tentativas.[0m
[31m[Proc-0] 04:59:21 - ERROR    - [Playwright] \u274c Resposta /login foi desafio /ch/ mas năo apareceu JSON de login no hook — năo marcar sessăo válida.[0m
[33m[Proc-0] 04:59:21 - WARNING  - [BrowserCapture] local_debug_artifacts=false; skip artifact capture (reason=login_antibot_challenge, url=https://pedidodevistos.mne.gov.pt/VistosOnline/Authentication.jsp?language=PT)[0m
[33m[Proc-0] 04:59:21 - WARNING  - [Playwright Internal] Desafio MNE /ch/ no POST /login — BrowserPool preservado (o proxy năo deve ser tratado como túnel partido). Login challenge: servidor devolveu HTML /ch/bd.js no POST /login; sem JSON no hook após espera — credenciais năo completaram login.[0m
[32m[Proc-0] 04:59:21 - INFO     - [BrowserPool] Contexto liberado para direct[0m
[31m[Proc-0] 04:59:21 - ERROR    - [Login] Erro (mne_challenge): Login challenge: servidor devolveu HTML /ch/bd.js no POST /login; sem JSON no hook após espera — credenciais năo complet[0m
[32m[Proc-0] 04:59:21 - INFO     - [Login] gilso111: resposta POST /login com desafio /ch/ (antibot) — proxy năo penalizado; worker pode marcar falha recuperável.[0m
[31m[Proc-0] 04:59:21 - ERROR    - [main] gilso111: desafio /ch/ repetido — limite login_max_mne_challenge_retries=1 atingido; năo gastar mais CAPTCHA neste run (Login challenge: servidor devolveu HTML /ch/bd.js no POST /login; sem JSON no hook após espera — credenciais năo completaram login.)[0m
[31m[Proc-0] 04:59:21 - ERROR    - Error occurred: MNE login challenge budget exhausted (1 retries)[0m
[33m[Proc-0] 04:59:21 - WARNING  - [Process-0] \u26a0\ufe0f Tentativa 1/1 falhou: gilso111[0m
[33m[Proc-0] 04:59:21 - WARNING  - [Process-0] gilso111: max_user_attempts esgotado; marcando failed_retry_later para nao re-enfileirar no mesmo run.[0m
[32m[Proc-0] 04:59:21 - INFO     - [CSV Update] Updated gilso111 -> 'failed_retry_later'[0m
[32m[Proc-0] 04:59:21 - INFO     - [Process-0] \U0001f513 Proxy libertado: gilso111 (status=failed_retry_later)[0m
[32m[Proc-0] 04:59:21 - INFO     - [Process-0] \u2705 Task finalizada: gilso111 (0/1 slots ocupados)[0m
